This is pdfTeX, Version 3.141592653-2.6-1.40.26 (TeX Live 2024/Arch Linux) (preloaded format=pdflatex 2025.1.8)  27 JAN 2025 00:03
entering extended mode
 \write18 enabled.
 file:line:error style messages enabled.
 %&-line parsing enabled.
**/home/teo/Documents/latex/DoIT/DoIT.tex
(/home/teo/Documents/latex/DoIT/DoIT.tex
LaTeX2e <2023-11-01> patch level 1
L3 programming layer <2024-02-20>
(/usr/share/texmf-dist/tex/latex/base/article.cls
Document Class: article 2023/05/17 v1.4n Standard LaTeX document class
(/usr/share/texmf-dist/tex/latex/base/size12.clo
File: size12.clo 2023/05/17 v1.4n Standard LaTeX file (size option)
)
\c@part=\count188
\c@section=\count189
\c@subsection=\count190
\c@subsubsection=\count191
\c@paragraph=\count192
\c@subparagraph=\count193
\c@figure=\count194
\c@table=\count195
\abovecaptionskip=\skip48
\belowcaptionskip=\skip49
\bibindent=\dimen140
) (/usr/share/texmf-dist/tex/latex/geometry/geometry.sty
Package: geometry 2020/01/02 v5.9 Page Geometry
 (/usr/share/texmf-dist/tex/latex/graphics/keyval.sty
Package: keyval 2022/05/29 v1.15 key=value parser (DPC)
\KV@toks@=\toks17
) (/usr/share/texmf-dist/tex/generic/iftex/ifvtex.sty
Package: ifvtex 2019/10/25 v1.7 ifvtex legacy package. Use iftex instead.
 (/usr/share/texmf-dist/tex/generic/iftex/iftex.sty
Package: iftex 2022/02/03 v1.0f TeX engine tests
))
\Gm@cnth=\count196
\Gm@cntv=\count197
\c@Gm@tempcnt=\count198
\Gm@bindingoffset=\dimen141
\Gm@wd@mp=\dimen142
\Gm@odd@mp=\dimen143
\Gm@even@mp=\dimen144
\Gm@layoutwidth=\dimen145
\Gm@layoutheight=\dimen146
\Gm@layouthoffset=\dimen147
\Gm@layoutvoffset=\dimen148
\Gm@dimlist=\toks18
) (/usr/share/texmf-dist/tex/latex/natbib/natbib.sty
Package: natbib 2010/09/13 8.31b (PWD, AO)
\bibhang=\skip50
\bibsep=\skip51
LaTeX Info: Redefining \cite on input line 694.
\c@NAT@ctr=\count199
) (/usr/share/texmf-dist/tex/latex/tools/tabularx.sty
Package: tabularx 2023/07/08 v2.11c `tabularx' package (DPC)
 (/usr/share/texmf-dist/tex/latex/tools/array.sty
Package: array 2023/10/16 v2.5g Tabular extension package (FMi)
\col@sep=\dimen149
\ar@mcellbox=\box51
\extrarowheight=\dimen150
\NC@list=\toks19
\extratabsurround=\skip52
\backup@length=\skip53
\ar@cellbox=\box52
)
\TX@col@width=\dimen151
\TX@old@table=\dimen152
\TX@old@col=\dimen153
\TX@target=\dimen154
\TX@delta=\dimen155
\TX@cols=\count266
\TX@ftn=\toks20
) (/usr/share/texmf-dist/tex/latex/booktabs/booktabs.sty
Package: booktabs 2020/01/12 v1.61803398 Publication quality tables
\heavyrulewidth=\dimen156
\lightrulewidth=\dimen157
\cmidrulewidth=\dimen158
\belowrulesep=\dimen159
\belowbottomsep=\dimen160
\aboverulesep=\dimen161
\abovetopsep=\dimen162
\cmidrulesep=\dimen163
\cmidrulekern=\dimen164
\defaultaddspace=\dimen165
\@cmidla=\count267
\@cmidlb=\count268
\@aboverulesep=\dimen166
\@belowrulesep=\dimen167
\@thisruleclass=\count269
\@lastruleclass=\count270
\@thisrulewidth=\dimen168
) (/usr/share/texmf-dist/tex/latex/tabulary/tabulary.sty
Package: tabulary 2014/06/11 v0.10 tabulary package (DPC)
\TY@count=\count271
\TY@linewidth=\dimen169
\tymin=\dimen170
\tymax=\dimen171
\TY@tablewidth=\dimen172
) (/usr/share/texmf-dist/tex/latex/graphics/graphicx.sty
Package: graphicx 2021/09/16 v1.2d Enhanced LaTeX Graphics (DPC,SPQR)
 (/usr/share/texmf-dist/tex/latex/graphics/graphics.sty
Package: graphics 2022/03/10 v1.4e Standard LaTeX Graphics (DPC,SPQR)
 (/usr/share/texmf-dist/tex/latex/graphics/trig.sty
Package: trig 2021/08/11 v1.11 sin cos tan (DPC)
) (/usr/share/texmf-dist/tex/latex/graphics-cfg/graphics.cfg
File: graphics.cfg 2016/06/04 v1.11 sample graphics configuration
)
Package graphics Info: Driver file: pdftex.def on input line 107.
 (/usr/share/texmf-dist/tex/latex/graphics-def/pdftex.def
File: pdftex.def 2022/09/22 v1.2b Graphics/color driver for pdftex
))
\Gin@req@height=\dimen173
\Gin@req@width=\dimen174
) (/usr/share/texmf-dist/tex/latex/url/url.sty
\Urlmuskip=\muskip16
Package: url 2013/09/16  ver 3.4  Verb mode for urls, etc.
) (/usr/share/texmf-dist/tex/latex/svg/svg.sty
Package: svg 2020/11/26 v2.02k (include SVG pictures)
 (/usr/share/texmf-dist/tex/latex/koma-script/scrbase.sty
Package: scrbase 2023/07/07 v3.41 KOMA-Script package (KOMA-Script-independent basics and keyval usage)
 (/usr/share/texmf-dist/tex/latex/koma-script/scrlfile.sty
Package: scrlfile 2023/07/07 v3.41 KOMA-Script package (file load hooks)
 (/usr/share/texmf-dist/tex/latex/koma-script/scrlfile-hook.sty
Package: scrlfile-hook 2023/07/07 v3.41 KOMA-Script package (using LaTeX hooks)
 (/usr/share/texmf-dist/tex/latex/koma-script/scrlogo.sty
Package: scrlogo 2023/07/07 v3.41 KOMA-Script package (logo)
)))
Applying: [2021/05/01] Usage of raw or classic option list on input line 252.
Already applied: [0000/00/00] Usage of raw or classic option list on input line 368.
) (/usr/share/texmf-dist/tex/generic/pdftexcmds/pdftexcmds.sty
Package: pdftexcmds 2020-06-27 v0.33 Utility functions of pdfTeX for LuaTeX (HO)
 (/usr/share/texmf-dist/tex/generic/infwarerr/infwarerr.sty
Package: infwarerr 2019/12/03 v1.5 Providing info/warning/error messages (HO)
) (/usr/share/texmf-dist/tex/generic/ltxcmds/ltxcmds.sty
Package: ltxcmds 2023-12-04 v1.26 LaTeX kernel commands for general use (HO)
)
Package pdftexcmds Info: \pdf@primitive is available.
Package pdftexcmds Info: \pdf@ifprimitive is available.
Package pdftexcmds Info: \pdfdraftmode found.
) (/usr/share/texmf-dist/tex/latex/trimspaces/trimspaces.sty
Package: trimspaces 2009/09/17 v1.1 Trim spaces around a token list
) (/usr/share/texmf-dist/tex/latex/tools/shellesc.sty
Package: shellesc 2023/07/08 v1.0d unified shell escape interface for LaTeX
Package shellesc Info: Unrestricted shell escape enabled on input line 75.
) (/usr/share/texmf-dist/tex/latex/ifplatform/ifplatform.sty
Package: ifplatform 2017/10/13 v0.4a Testing for the operating system
 (/usr/share/texmf-dist/tex/generic/catchfile/catchfile.sty
Package: catchfile 2019/12/09 v1.8 Catch the contents of a file (HO)
 (/usr/share/texmf-dist/tex/generic/etexcmds/etexcmds.sty
Package: etexcmds 2019/12/15 v1.7 Avoid name clashes with e-TeX commands (HO)
)) (/usr/share/texmf-dist/tex/generic/iftex/ifluatex.sty
Package: ifluatex 2019/10/25 v1.5 ifluatex legacy package. Use iftex instead.
)
runsystem(uname -s > "DoIT.w18")...executed.

 (./DoIT.w18)
runsystem(rm -- "DoIT.w18")...executed.

)
\c@svg@param@lastpage=\count272
\svg@box=\box53
\c@svg@param@currpage=\count273
) (/usr/share/texmf-dist/tex/latex/xcolor/xcolor.sty
Package: xcolor 2023/11/15 v3.01 LaTeX color extensions (UK)
 (/usr/share/texmf-dist/tex/latex/graphics-cfg/color.cfg
File: color.cfg 2016/01/02 v1.6 sample color configuration
)
Package xcolor Info: Driver file: pdftex.def on input line 274.
 (/usr/share/texmf-dist/tex/latex/graphics/mathcolor.ltx)
Package xcolor Info: Model `cmy' substituted by `cmy0' on input line 1350.
Package xcolor Info: Model `hsb' substituted by `rgb' on input line 1354.
Package xcolor Info: Model `RGB' extended on input line 1366.
Package xcolor Info: Model `HTML' substituted by `rgb' on input line 1368.
Package xcolor Info: Model `Hsb' substituted by `hsb' on input line 1369.
Package xcolor Info: Model `tHsb' substituted by `hsb' on input line 1370.
Package xcolor Info: Model `HSB' substituted by `hsb' on input line 1371.
Package xcolor Info: Model `Gray' substituted by `gray' on input line 1372.
Package xcolor Info: Model `wave' substituted by `hsb' on input line 1373.
) (/usr/share/texmf-dist/tex/latex/transparent/transparent.sty
Package: transparent 2022-10-27 v1.5 Transparency with color stacks
 (/usr/share/texmf-dist/tex/latex/transparent/transparent-nometadata.sty
Package: transparent-nometadata 2022-10-27 v1.5 Transparency via pdfTeX's color stack (HO)
 (/usr/share/texmf-dist/tex/latex/auxhook/auxhook.sty
Package: auxhook 2019-12-17 v1.6 Hooks for auxiliary files (HO)
))) (/usr/share/texmf-dist/tex/latex/pgf/systemlayer/pgfsys.sty (/usr/share/texmf-dist/tex/latex/pgf/utilities/pgfrcs.sty (/usr/share/texmf-dist/tex/generic/pgf/utilities/pgfutil-common.tex
\pgfutil@everybye=\toks21
\pgfutil@tempdima=\dimen175
\pgfutil@tempdimb=\dimen176
) (/usr/share/texmf-dist/tex/generic/pgf/utilities/pgfutil-latex.def
\pgfutil@abb=\box54
) (/usr/share/texmf-dist/tex/generic/pgf/utilities/pgfrcs.code.tex (/usr/share/texmf-dist/tex/generic/pgf/pgf.revision.tex)
Package: pgfrcs 2023-01-15 v3.1.10 (3.1.10)
)) (/usr/share/texmf-dist/tex/generic/pgf/systemlayer/pgfsys.code.tex
Package: pgfsys 2023-01-15 v3.1.10 (3.1.10)
 (/usr/share/texmf-dist/tex/generic/pgf/utilities/pgfkeys.code.tex
\pgfkeys@pathtoks=\toks22
\pgfkeys@temptoks=\toks23
 (/usr/share/texmf-dist/tex/generic/pgf/utilities/pgfkeyslibraryfiltered.code.tex
\pgfkeys@tmptoks=\toks24
))
\pgf@x=\dimen177
\pgf@y=\dimen178
\pgf@xa=\dimen179
\pgf@ya=\dimen180
\pgf@xb=\dimen181
\pgf@yb=\dimen182
\pgf@xc=\dimen183
\pgf@yc=\dimen184
\pgf@xd=\dimen185
\pgf@yd=\dimen186
\w@pgf@writea=\write3
\r@pgf@reada=\read2
\c@pgf@counta=\count274
\c@pgf@countb=\count275
\c@pgf@countc=\count276
\c@pgf@countd=\count277
\t@pgf@toka=\toks25
\t@pgf@tokb=\toks26
\t@pgf@tokc=\toks27
\pgf@sys@id@count=\count278
 (/usr/share/texmf-dist/tex/generic/pgf/systemlayer/pgf.cfg
File: pgf.cfg 2023-01-15 v3.1.10 (3.1.10)
)
Driver file for pgf: pgfsys-pdftex.def
 (/usr/share/texmf-dist/tex/generic/pgf/systemlayer/pgfsys-pdftex.def
File: pgfsys-pdftex.def 2023-01-15 v3.1.10 (3.1.10)
 (/usr/share/texmf-dist/tex/generic/pgf/systemlayer/pgfsys-common-pdf.def
File: pgfsys-common-pdf.def 2023-01-15 v3.1.10 (3.1.10)
))) (/usr/share/texmf-dist/tex/generic/pgf/systemlayer/pgfsyssoftpath.code.tex
File: pgfsyssoftpath.code.tex 2023-01-15 v3.1.10 (3.1.10)
\pgfsyssoftpath@smallbuffer@items=\count279
\pgfsyssoftpath@bigbuffer@items=\count280
) (/usr/share/texmf-dist/tex/generic/pgf/systemlayer/pgfsysprotocol.code.tex
File: pgfsysprotocol.code.tex 2023-01-15 v3.1.10 (3.1.10)
)) (/usr/share/texmf-dist/tex/latex/multirow/multirow.sty
Package: multirow 2021/03/15 v2.8 Span multiple rows of a table
\multirow@colwidth=\skip54
\multirow@cntb=\count281
\multirow@dima=\skip55
\bigstrutjot=\dimen187
) (/usr/share/texmf-dist/tex/latex/caption/caption.sty
Package: caption 2023/08/05 v3.6o Customizing captions (AR)
 (/usr/share/texmf-dist/tex/latex/caption/caption3.sty
Package: caption3 2023/07/31 v2.4d caption3 kernel (AR)
\caption@tempdima=\dimen188
\captionmargin=\dimen189
\caption@leftmargin=\dimen190
\caption@rightmargin=\dimen191
\caption@width=\dimen192
\caption@indent=\dimen193
\caption@parindent=\dimen194
\caption@hangindent=\dimen195
Package caption Info: Standard document class detected.
)
\c@caption@flags=\count282
\c@continuedfloat=\count283
) (/usr/share/texmf-dist/tex/latex/tools/indentfirst.sty
Package: indentfirst 2023/07/02 v1.03 Indent first paragraph (DPC)
) (/usr/share/texmf-dist/tex/latex/subfig/subfig.sty
Package: subfig 2005/06/28 ver: 1.3 subfig package
\c@KVtest=\count284
\sf@farskip=\skip56
\sf@captopadj=\dimen196
\sf@capskip=\skip57
\sf@nearskip=\skip58
\c@subfigure=\count285
\c@subfigure@save=\count286
\c@lofdepth=\count287
\c@subtable=\count288
\c@subtable@save=\count289
\c@lotdepth=\count290
\sf@top=\skip59
\sf@bottom=\skip60
) (/usr/share/texmf-dist/tex/latex/listings/listings.sty
\lst@mode=\count291
\lst@gtempboxa=\box55
\lst@token=\toks28
\lst@length=\count292
\lst@currlwidth=\dimen197
\lst@column=\count293
\lst@pos=\count294
\lst@lostspace=\dimen198
\lst@width=\dimen199
\lst@newlines=\count295
\lst@lineno=\count296
\lst@maxwidth=\dimen256
 (/usr/share/texmf-dist/tex/latex/listings/lstpatch.sty
File: lstpatch.sty 2024/02/21 1.10 (Carsten Heinz)
) (/usr/share/texmf-dist/tex/latex/listings/lstmisc.sty
File: lstmisc.sty 2024/02/21 1.10 (Carsten Heinz)
\c@lstnumber=\count297
\lst@skipnumbers=\count298
\lst@framebox=\box56
) (/usr/share/texmf-dist/tex/latex/listings/listings.cfg
File: listings.cfg 2024/02/21 1.10 listings configuration
))
Package: listings 2024/02/21 1.10 (Carsten Heinz)
 (/usr/share/texmf-dist/tex/latex/hyperref/hyperref.sty
Package: hyperref 2024-01-20 v7.01h Hypertext links for LaTeX
 (/usr/share/texmf-dist/tex/latex/kvsetkeys/kvsetkeys.sty
Package: kvsetkeys 2022-10-05 v1.19 Key value parser (HO)
) (/usr/share/texmf-dist/tex/generic/kvdefinekeys/kvdefinekeys.sty
Package: kvdefinekeys 2019-12-19 v1.6 Define keys (HO)
) (/usr/share/texmf-dist/tex/generic/pdfescape/pdfescape.sty
Package: pdfescape 2019/12/09 v1.15 Implements pdfTeX's escape features (HO)
) (/usr/share/texmf-dist/tex/latex/hycolor/hycolor.sty
Package: hycolor 2020-01-27 v1.10 Color options for hyperref/bookmark (HO)
) (/usr/share/texmf-dist/tex/latex/hyperref/nameref.sty
Package: nameref 2023-11-26 v2.56 Cross-referencing by name of section
 (/usr/share/texmf-dist/tex/latex/refcount/refcount.sty
Package: refcount 2019/12/15 v3.6 Data extraction from label references (HO)
) (/usr/share/texmf-dist/tex/generic/gettitlestring/gettitlestring.sty
Package: gettitlestring 2019/12/15 v1.6 Cleanup title references (HO)
 (/usr/share/texmf-dist/tex/latex/kvoptions/kvoptions.sty
Package: kvoptions 2022-06-15 v3.15 Key value format for package options (HO)
))
\c@section@level=\count299
) (/usr/share/texmf-dist/tex/latex/etoolbox/etoolbox.sty
Package: etoolbox 2020/10/05 v2.5k e-TeX tools for LaTeX (JAW)
\etb@tempcnta=\count300
)
\@linkdim=\dimen257
\Hy@linkcounter=\count301
\Hy@pagecounter=\count302
 (/usr/share/texmf-dist/tex/latex/hyperref/pd1enc.def
File: pd1enc.def 2024-01-20 v7.01h Hyperref: PDFDocEncoding definition (HO)
Now handling font encoding PD1 ...
... no UTF-8 mapping file for font encoding PD1
) (/usr/share/texmf-dist/tex/generic/intcalc/intcalc.sty
Package: intcalc 2019/12/15 v1.3 Expandable calculations with integers (HO)
)
\Hy@SavedSpaceFactor=\count303
 (/usr/share/texmf-dist/tex/latex/hyperref/puenc.def
File: puenc.def 2024-01-20 v7.01h Hyperref: PDF Unicode definition (HO)
Now handling font encoding PU ...
... no UTF-8 mapping file for font encoding PU
)
Package hyperref Info: Hyper figures OFF on input line 4179.
Package hyperref Info: Link nesting OFF on input line 4184.
Package hyperref Info: Hyper index ON on input line 4187.
Package hyperref Info: Plain pages OFF on input line 4194.
Package hyperref Info: Backreferencing OFF on input line 4199.
Package hyperref Info: Implicit mode ON; LaTeX internals redefined.
Package hyperref Info: Bookmarks ON on input line 4446.
\c@Hy@tempcnt=\count304
LaTeX Info: Redefining \url on input line 4784.
\XeTeXLinkMargin=\dimen258
 (/usr/share/texmf-dist/tex/generic/bitset/bitset.sty
Package: bitset 2019/12/09 v1.3 Handle bit-vector datatype (HO)
 (/usr/share/texmf-dist/tex/generic/bigintcalc/bigintcalc.sty
Package: bigintcalc 2019/12/15 v1.5 Expandable calculations on big integers (HO)
))
\Fld@menulength=\count305
\Field@Width=\dimen259
\Fld@charsize=\dimen260
Package hyperref Info: Hyper figures OFF on input line 6063.
Package hyperref Info: Link nesting OFF on input line 6068.
Package hyperref Info: Hyper index ON on input line 6071.
Package hyperref Info: backreferencing OFF on input line 6078.
Package hyperref Info: Link coloring OFF on input line 6083.
Package hyperref Info: Link coloring with OCG OFF on input line 6088.
Package hyperref Info: PDF/A mode OFF on input line 6093.
 (/usr/share/texmf-dist/tex/latex/base/atbegshi-ltx.sty
Package: atbegshi-ltx 2021/01/10 v1.0c Emulation of the original atbegshi
package with kernel methods
)
\Hy@abspage=\count306
\c@Item=\count307
\c@Hfootnote=\count308
)
Package hyperref Info: Driver (autodetected): hpdftex.
 (/usr/share/texmf-dist/tex/latex/hyperref/hpdftex.def
File: hpdftex.def 2024-01-20 v7.01h Hyperref driver for pdfTeX
 (/usr/share/texmf-dist/tex/latex/base/atveryend-ltx.sty
Package: atveryend-ltx 2020/08/19 v1.0a Emulation of the original atveryend package
with kernel methods
)
\Fld@listcount=\count309
\c@bookmark@seq@number=\count310
 (/usr/share/texmf-dist/tex/latex/rerunfilecheck/rerunfilecheck.sty
Package: rerunfilecheck 2022-07-10 v1.10 Rerun checks for auxiliary files (HO)
 (/usr/share/texmf-dist/tex/generic/uniquecounter/uniquecounter.sty
Package: uniquecounter 2019/12/15 v1.4 Provide unlimited unique counter (HO)
)
Package uniquecounter Info: New unique counter `rerunfilecheck' on input line 285.
)
\Hy@SectionHShift=\skip61
) (/usr/share/texmf-dist/tex/latex/import/import.sty
Package: import 2020/04/01  v 6.2
) (/usr/share/texmf-dist/tex/latex/float/float.sty
Package: float 2001/11/08 v1.3d Float enhancements (AL)
\c@float@type=\count311
\float@exts=\toks29
\float@box=\box57
\@float@everytoks=\toks30
\@floatcapt=\box58
) (/usr/share/texmf-dist/tex/generic/ulem/ulem.sty
\UL@box=\box59
\UL@hyphenbox=\box60
\UL@skip=\skip62
\UL@hook=\toks31
\UL@height=\dimen261
\UL@pe=\count312
\UL@pixel=\dimen262
\ULC@box=\box61
Package: ulem 2019/11/18
\ULdepth=\dimen263
) (/usr/share/texmf-dist/tex/latex/l3backend/l3backend-pdftex.def
File: l3backend-pdftex.def 2024-02-20 L3 backend support: PDF output (pdfTeX)
\l__color_backend_stack_int=\count313
\l__pdf_internal_box=\box62
) (./DoIT.aux

LaTeX Warning: Label `fig:Gantt13' multiply defined.

)
\openout1 = `DoIT.aux'.

LaTeX Font Info:    Checking defaults for OML/cmm/m/it on input line 40.
LaTeX Font Info:    ... okay on input line 40.
LaTeX Font Info:    Checking defaults for OMS/cmsy/m/n on input line 40.
LaTeX Font Info:    ... okay on input line 40.
LaTeX Font Info:    Checking defaults for OT1/cmr/m/n on input line 40.
LaTeX Font Info:    ... okay on input line 40.
LaTeX Font Info:    Checking defaults for T1/cmr/m/n on input line 40.
LaTeX Font Info:    ... okay on input line 40.
LaTeX Font Info:    Checking defaults for TS1/cmr/m/n on input line 40.
LaTeX Font Info:    ... okay on input line 40.
LaTeX Font Info:    Checking defaults for OMX/cmex/m/n on input line 40.
LaTeX Font Info:    ... okay on input line 40.
LaTeX Font Info:    Checking defaults for U/cmr/m/n on input line 40.
LaTeX Font Info:    ... okay on input line 40.
LaTeX Font Info:    Checking defaults for PD1/pdf/m/n on input line 40.
LaTeX Font Info:    ... okay on input line 40.
LaTeX Font Info:    Checking defaults for PU/pdf/m/n on input line 40.
LaTeX Font Info:    ... okay on input line 40.

*geometry* driver: auto-detecting
*geometry* detected driver: pdftex
*geometry* verbose mode - [ preamble ] result:
* driver: pdftex
* paper: <default>
* layout: <same size as paper>
* layoutoffset:(h,v)=(0.0pt,0.0pt)
* modes: 
* h-part:(L,W,R)=(85.35826pt, 443.57848pt, 85.35826pt)
* v-part:(T,H,B)=(95.39737pt, 556.47656pt, 143.09605pt)
* \paperwidth=614.295pt
* \paperheight=794.96999pt
* \textwidth=443.57848pt
* \textheight=556.47656pt
* \oddsidemargin=13.08827pt
* \evensidemargin=13.08827pt
* \topmargin=-13.87262pt
* \headheight=12.0pt
* \headsep=25.0pt
* \topskip=12.0pt
* \footskip=30.0pt
* \marginparwidth=44.0pt
* \marginparsep=10.0pt
* \columnsep=10.0pt
* \skip\footins=10.8pt plus 4.0pt minus 2.0pt
* \hoffset=0.0pt
* \voffset=0.0pt
* \mag=1000
* \@twocolumnfalse
* \@twosidefalse
* \@mparswitchfalse
* \@reversemarginfalse
* (1in=72.27pt=25.4mm, 1cm=28.453pt)

(/usr/share/texmf-dist/tex/context/base/mkii/supp-pdf.mkii
[Loading MPS to PDF converter (version 2006.09.02).]
\scratchcounter=\count314
\scratchdimen=\dimen264
\scratchbox=\box63
\nofMPsegments=\count315
\nofMParguments=\count316
\everyMPshowfont=\toks32
\MPscratchCnt=\count317
\MPscratchDim=\dimen265
\MPnumerator=\count318
\makeMPintoPDFobject=\count319
\everyMPtoPDFconversion=\toks33
) (/usr/share/texmf-dist/tex/latex/epstopdf-pkg/epstopdf-base.sty
Package: epstopdf-base 2020-01-24 v2.11 Base part for package epstopdf
 (/usr/share/texmf-dist/tex/latex/grfext/grfext.sty
Package: grfext 2019/12/03 v1.3 Manage graphics extensions (HO)
)
Package epstopdf-base Info: Redefining graphics rule for `.eps' on input line 485.
Package grfext Info: Graphics extension search list:
(grfext)             [.pdf,.png,.jpg,.mps,.jpeg,.jbig2,.jb2,.PDF,.PNG,.JPG,.JPEG,.JBIG2,.JB2,.eps]
(grfext)             \AppendGraphicsExtensions on input line 504.
 (/usr/share/texmf-dist/tex/latex/latexconfig/epstopdf-sys.cfg
File: epstopdf-sys.cfg 2010/07/13 v1.3 Configuration of (r)epstopdf for TeX Live
))
Package caption Info: Begin \AtBeginDocument code.
Package caption Info: subfig package v1.3 is loaded.
Package caption Info: float package is loaded.
Package caption Info: hyperref package is loaded.
Package caption Info: listings package is loaded.
Package caption Info: End \AtBeginDocument code.
\c@lstlisting=\count320
Package hyperref Info: Link coloring OFF on input line 40.
 (./DoIT.out) (./DoIT.out)
\@outlinefile=\write4
\openout4 = `DoIT.out'.

LaTeX Font Info:    External font `cmex10' loaded for size
(Font)              <14.4> on input line 43.
LaTeX Font Info:    External font `cmex10' loaded for size
(Font)              <7> on input line 43.
<Immagini/Logo/icon.png, id=429, 401.5pt x 401.5pt>
File: Immagini/Logo/icon.png Graphic file (type png)
<use Immagini/Logo/icon.png>
Package pdftex.def Info: Immagini/Logo/icon.png  used on input line 43.
(pdftex.def)             Requested size: 133.07489pt x 133.07741pt.
 [1

{/var/lib/texmf/fonts/map/pdftex/updmap/pdftex.map} <./Immagini/Logo/icon.png>] (./DoIT.toc
LaTeX Font Info:    External font `cmex10' loaded for size
(Font)              <12> on input line 6.
LaTeX Font Info:    External font `cmex10' loaded for size
(Font)              <8> on input line 6.
LaTeX Font Info:    External font `cmex10' loaded for size
(Font)              <6> on input line 6.

Overfull \hbox (8.1766pt too wide) in paragraph at lines 55--55
 [][] [][]\OT1/cmr/m/n/12 Diagramma di Se-quenza di Sis-tema SSD3: Ges-tioneR-ichi-esteVolon- 
 []

[2]
Overfull \hbox (5.9072pt too wide) in paragraph at lines 128--128
 [][] [][]\OT1/cmr/m/n/12 Diagramma delle Classi Soft-ware di Pro-getto DCSP5: Back-end/DTO[] [][]  
 []


Overfull \hbox (18.14456pt too wide) in paragraph at lines 129--129
 [][] [][]\OT1/cmr/m/n/12 Diagramma delle Classi Soft-ware di Pro-getto DCSP6: Back-end/Map- 
 []


Overfull \hbox (11.29463pt too wide) in paragraph at lines 130--130
 [][] [][]\OT1/cmr/m/n/12 Diagramma delle Classi Soft-ware di Pro-getto DCSP7: Back-end/Ser- 
 []


Overfull \hbox (26.20837pt too wide) in paragraph at lines 131--131
 [][] [][]\OT1/cmr/m/n/12 Diagramma delle Classi Soft-ware di Pro-getto DCSP8: Back-end/Repos- 
 []

[3] [4])
\tf@toc=\write5
\openout5 = `DoIT.toc'.

 [5] (./Introduzione/Introduzione.tex [6{/usr/share/texmf-dist/fonts/enc/dvips/cm-super/cm-super-ts1.enc}])
Overfull \hbox (7.2124pt too wide) in paragraph at lines 34--54
\OT1/cmr/m/n/12 Assigned negli \OT1/cmr/bx/n/12 Arte-fatti \OT1/cmr/m/n/12 ^^Re il nome e cog-nome della per-sona a cui ^^Re as-seg-nato l'\OT1/cmr/bx/n/12 Artefatto\OT1/cmr/m/n/12 ,
 []

<Immagini/Gantt/Iterazione 1/Gantt1.png, id=595, 1415.2875pt x 791.95876pt>
File: Immagini/Gantt/Iterazione 1/Gantt1.png Graphic file (type png)
<use Immagini/Gantt/Iterazione 1/Gantt1.png>
Package pdftex.def Info: Immagini/Gantt/Iterazione 1/Gantt1.png  used on input line 78.
(pdftex.def)             Requested size: 443.57848pt x 248.21156pt.
[7]
<Immagini/Gantt/Iterazione 1/Gantt2.png, id=606, 1731.46875pt x 777.90625pt>
File: Immagini/Gantt/Iterazione 1/Gantt2.png Graphic file (type png)
<use Immagini/Gantt/Iterazione 1/Gantt2.png>
Package pdftex.def Info: Immagini/Gantt/Iterazione 1/Gantt2.png  used on input line 84.
(pdftex.def)             Requested size: 443.57848pt x 199.28339pt.
<Immagini/Gantt/Iterazione 1/Gantt3.png, id=607, 1733.47626pt x 912.40875pt>
File: Immagini/Gantt/Iterazione 1/Gantt3.png Graphic file (type png)
<use Immagini/Gantt/Iterazione 1/Gantt3.png>
Package pdftex.def Info: Immagini/Gantt/Iterazione 1/Gantt3.png  used on input line 90.
(pdftex.def)             Requested size: 443.57848pt x 233.4756pt.
 [8 <./Immagini/Gantt/Iterazione 1/Gantt1.png> <./Immagini/Gantt/Iterazione 1/Gantt2.png>]
<Immagini/Gantt/Iterazione 1/Gantt4.png, id=617, 1733.47626pt x 912.40875pt>
File: Immagini/Gantt/Iterazione 1/Gantt4.png Graphic file (type png)
<use Immagini/Gantt/Iterazione 1/Gantt4.png>
Package pdftex.def Info: Immagini/Gantt/Iterazione 1/Gantt4.png  used on input line 96.
(pdftex.def)             Requested size: 443.57848pt x 233.4756pt.
<Immagini/Gantt/Iterazione 1/Gantt5.png, id=618, 1733.47626pt x 912.40875pt>
File: Immagini/Gantt/Iterazione 1/Gantt5.png Graphic file (type png)
<use Immagini/Gantt/Iterazione 1/Gantt5.png>
Package pdftex.def Info: Immagini/Gantt/Iterazione 1/Gantt5.png  used on input line 102.
(pdftex.def)             Requested size: 443.57848pt x 233.4756pt.
 [9 <./Immagini/Gantt/Iterazione 1/Gantt3.png> <./Immagini/Gantt/Iterazione 1/Gantt4.png>]
<Immagini/Gantt/Iterazione 1/Gantt6.png, id=627, 1733.47626pt x 912.40875pt>
File: Immagini/Gantt/Iterazione 1/Gantt6.png Graphic file (type png)
<use Immagini/Gantt/Iterazione 1/Gantt6.png>
Package pdftex.def Info: Immagini/Gantt/Iterazione 1/Gantt6.png  used on input line 108.
(pdftex.def)             Requested size: 443.57848pt x 233.4756pt.
<Immagini/Gantt/Iterazione 1/Gantt7.png, id=628, 1733.47626pt x 912.40875pt>
File: Immagini/Gantt/Iterazione 1/Gantt7.png Graphic file (type png)
<use Immagini/Gantt/Iterazione 1/Gantt7.png>
Package pdftex.def Info: Immagini/Gantt/Iterazione 1/Gantt7.png  used on input line 114.
(pdftex.def)             Requested size: 443.57848pt x 233.4756pt.
 [10 <./Immagini/Gantt/Iterazione 1/Gantt5.png> <./Immagini/Gantt/Iterazione 1/Gantt6.png>]
<Immagini/Gantt/Iterazione 1/Gantt8.png, id=637, 1733.47626pt x 912.40875pt>
File: Immagini/Gantt/Iterazione 1/Gantt8.png Graphic file (type png)
<use Immagini/Gantt/Iterazione 1/Gantt8.png>
Package pdftex.def Info: Immagini/Gantt/Iterazione 1/Gantt8.png  used on input line 120.
(pdftex.def)             Requested size: 443.57848pt x 233.4756pt.
<Immagini/Gantt/Iterazione 1/Gantt9.png, id=638, 1733.47626pt x 912.40875pt>
File: Immagini/Gantt/Iterazione 1/Gantt9.png Graphic file (type png)
<use Immagini/Gantt/Iterazione 1/Gantt9.png>
Package pdftex.def Info: Immagini/Gantt/Iterazione 1/Gantt9.png  used on input line 126.
(pdftex.def)             Requested size: 443.57848pt x 233.4756pt.
 [11 <./Immagini/Gantt/Iterazione 1/Gantt7.png> <./Immagini/Gantt/Iterazione 1/Gantt8.png>]
<Immagini/Gantt/Iterazione 1/Gantt10.png, id=647, 1733.47626pt x 912.40875pt>
File: Immagini/Gantt/Iterazione 1/Gantt10.png Graphic file (type png)
<use Immagini/Gantt/Iterazione 1/Gantt10.png>
Package pdftex.def Info: Immagini/Gantt/Iterazione 1/Gantt10.png  used on input line 132.
(pdftex.def)             Requested size: 443.57848pt x 233.4756pt.
<Immagini/Gantt/Iterazione 1/Gantt11.png, id=648, 1733.47626pt x 912.40875pt>
File: Immagini/Gantt/Iterazione 1/Gantt11.png Graphic file (type png)
<use Immagini/Gantt/Iterazione 1/Gantt11.png>
Package pdftex.def Info: Immagini/Gantt/Iterazione 1/Gantt11.png  used on input line 138.
(pdftex.def)             Requested size: 443.57848pt x 233.4756pt.
 [12 <./Immagini/Gantt/Iterazione 1/Gantt9.png> <./Immagini/Gantt/Iterazione 1/Gantt10.png>] (./CasiD'uso/Iterazione 1/RegistraVolontario.tex [13 <./Immagini/Gantt/Iterazione 1/Gantt11.png>]
Overfull \hbox (8.82239pt too wide) in paragraph at lines 16--17
[]\OT1/cmr/m/n/12 L'utente in-izia il pro-cesso dalla scher-mata in-iziale dell'applicazione, dove deve scegliere
 []

[14] [15] [16]) (./CasiD'uso/Iterazione 1/RegistraOrganizzazione.tex [17] [18] [19] [20]) (./CasiD'uso/Iterazione 1/GestioneRichiesteVolontariato.tex
Overfull \hbox (2.5343pt too wide) in paragraph at lines 11--12
[]\OT1/cmr/bx/n/12 Is block-ing: \OT1/cmr/m/n/12 SS-DGes-tioneR-ichi-esteVolon-tari-ato, SS-D-Con-trol-lo-Cor-ret-tez-za-Campi 
 []

[21] [22]
Overfull \hbox (0.42383pt too wide) in paragraph at lines 89--90
[]\OT1/cmr/m/n/12 L'Organizzazione ^^Re gi^^Ra es-istente: Ci si ri-porta al Caso d'Uso: ``Reg-is-traVolon-
 []

[23]) (./Immagini/DiagrammaDeiCasiD'Uso/Iterazione 1/Diagramma.tex [24])

pdfTeX warning: pdflatex (file ./Immagini/DiagrammaDeiCasiD'Uso/Iterazione 1/Diagramma.pdf): PDF inclusion: found PDF version <1.6>, but at most version <1.5> allowed
<Immagini/DiagrammaDeiCasiD'Uso/Iterazione 1/Diagramma.pdf, id=803, 810.02625pt x 508.90125pt>
File: Immagini/DiagrammaDeiCasiD'Uso/Iterazione 1/Diagramma.pdf Graphic file (type pdf)
<use Immagini/DiagrammaDeiCasiD'Uso/Iterazione 1/Diagramma.pdf>
Package pdftex.def Info: Immagini/DiagrammaDeiCasiD'Uso/Iterazione 1/Diagramma.pdf  used on input line 159.
(pdftex.def)             Requested size: 443.57848pt x 278.68518pt.
(./Immagini/SSD/Iterazione 1/RegistraVolontario.tex [25 <./Immagini/DiagrammaDeiCasiD'Uso/Iterazione 1/Diagramma.pdf>])
<Immagini/SSD/Iterazione 1/SSDRegistraVolontario.png, id=813, 716.6775pt x 662.475pt>
File: Immagini/SSD/Iterazione 1/SSDRegistraVolontario.png Graphic file (type png)
<use Immagini/SSD/Iterazione 1/SSDRegistraVolontario.png>
Package pdftex.def Info: Immagini/SSD/Iterazione 1/SSDRegistraVolontario.png  used on input line 170.
(pdftex.def)             Requested size: 443.57848pt x 410.03278pt.
 [26] (./Immagini/SSD/Iterazione 1/RegistraOrganizzazione.tex [27 <./Immagini/SSD/Iterazione 1/SSDRegistraVolontario.png>])
<Immagini/SSD/Iterazione 1/SSDRegistraOrganizzazione.png, id=824, 710.655pt x 725.71124pt>
File: Immagini/SSD/Iterazione 1/SSDRegistraOrganizzazione.png Graphic file (type png)
<use Immagini/SSD/Iterazione 1/SSDRegistraOrganizzazione.png>
Package pdftex.def Info: Immagini/SSD/Iterazione 1/SSDRegistraOrganizzazione.png  used on input line 180.
(pdftex.def)             Requested size: 443.57848pt x 452.9926pt.
 [28] (./Immagini/SSD/Iterazione 1/GestioneRichiesteVolontariato.tex [29 <./Immagini/SSD/Iterazione 1/SSDRegistraOrganizzazione.png>])
<Immagini/SSD/Iterazione 1/SSDGestioneRichiesteVolontariato.png, id=835, 932.48375pt x 635.37375pt>
File: Immagini/SSD/Iterazione 1/SSDGestioneRichiesteVolontariato.png Graphic file (type png)
<use Immagini/SSD/Iterazione 1/SSDGestioneRichiesteVolontariato.png>
Package pdftex.def Info: Immagini/SSD/Iterazione 1/SSDGestioneRichiesteVolontariato.png  used on input line 190.
(pdftex.def)             Requested size: 443.57848pt x 302.24194pt.
 (./Immagini/SSD/Iterazione 1/ControlloCorrettezzaCampi.tex [30 <./Immagini/SSD/Iterazione 1/SSDGestioneRichiesteVolontariato.png>])
<Immagini/SSD/Iterazione 1/SSDControlloCorrettezzaCampi.png, id=842, 338.26375pt x 901.3675pt>
File: Immagini/SSD/Iterazione 1/SSDControlloCorrettezzaCampi.png Graphic file (type png)
<use Immagini/SSD/Iterazione 1/SSDControlloCorrettezzaCampi.png>
Package pdftex.def Info: Immagini/SSD/Iterazione 1/SSDControlloCorrettezzaCampi.png  used on input line 200.
(pdftex.def)             Requested size: 104.41678pt x 278.2382pt.
 (./Contratti/Iterazione 1/RegistraOrganizzazione.tex [31 <./Immagini/SSD/Iterazione 1/SSDControlloCorrettezzaCampi.png>])
Overfull \hbox (24.4248pt too wide) in paragraph at lines 42--208
[][]
 []


Underfull \hbox (badness 10000) in paragraph at lines 42--208

 []

[32] (./Contratti/Iterazione 1/GestioneRichiesteVolontariato.tex
Overfull \hbox (5.07384pt too wide) in paragraph at lines 1--4
[]\OT1/cmr/m/n/12 ContrattoGestioneRichiesteVolontariato Mat-teo Cervini Sca-denza: 28 Dicem-bre 2024 
 []

[33])
Overfull \hbox (24.4248pt too wide) in paragraph at lines 46--211
[][]
 []


Underfull \hbox (badness 10000) in paragraph at lines 46--211

 []

(./Contratti/Iterazione 1/ControlloCorrettezzaCampi.tex [34])
Overfull \hbox (24.4248pt too wide) in paragraph at lines 44--214
[][]
 []


Underfull \hbox (badness 10000) in paragraph at lines 44--214

 []

(./ArtefattiSupplementari/Iterazione 1/SpecificaSupplementare.tex [35] [36] [37] [38] [39] [40] [41] [42]) (./ArtefattiSupplementari/Iterazione 1/Glossario.tex [43] [44] [45]
Overfull \hbox (1.47662pt too wide) in paragraph at lines 134--135
[]\OT1/cmr/m/n/12 Capacit^^Ra e abilit^^Ra speci-fiche richi-este dalle Or-ga-niz-zazioni e se-lezion-abili dai Volon-
 []

[46]) (./ArtefattiSupplementari/Iterazione 1/Visione.tex [47] [48] [49]) (./Immagini/ModellazioneDiBusiness/Iterazione 1/Diagramma.tex [50])
<Immagini/ModellazioneDiBusiness/Iterazione 1/Diagramma.png, id=1053, 1576.89125pt x 809.0225pt>
File: Immagini/ModellazioneDiBusiness/Iterazione 1/Diagramma.png Graphic file (type png)
<use Immagini/ModellazioneDiBusiness/Iterazione 1/Diagramma.png>
Package pdftex.def Info: Immagini/ModellazioneDiBusiness/Iterazione 1/Diagramma.png  used on input line 229.
(pdftex.def)             Requested size: 518.98016pt x 266.26225pt.

Overfull \hbox (75.40169pt too wide) in paragraph at lines 229--230
[][] 
 []

(./Immagini/SD/Iterazione 1/RegistraOrganizzazione.tex [51 <./Immagini/ModellazioneDiBusiness/Iterazione 1/Diagramma.png>]
Overfull \hbox (4.31877pt too wide) in paragraph at lines 11--12
[]\OT1/cmr/bx/n/12 Due \OT1/cmr/m/n/12 30 Dicem-bre, 2024 1:00 AM (GMT+1) \TS1/cmr/m/n/12 ^^Y \OT1/cmr/m/n/12 1 Gen-naio, 2025 1:00 AM (GMT+1) 
 []

)
<Immagini/SD/Iterazione 1/SDRegistraOrganizzazione.png, id=1060, 1326.9575pt x 540.0175pt>
File: Immagini/SD/Iterazione 1/SDRegistraOrganizzazione.png Graphic file (type png)
<use Immagini/SD/Iterazione 1/SDRegistraOrganizzazione.png>
Package pdftex.def Info: Immagini/SD/Iterazione 1/SDRegistraOrganizzazione.png  used on input line 241.
(pdftex.def)             Requested size: 443.5667pt x 180.51352pt.
 (./Immagini/SD/Iterazione 1/SubmitRequestData.tex
Overfull \hbox (4.31877pt too wide) in paragraph at lines 11--12
[]\OT1/cmr/bx/n/12 Due \OT1/cmr/m/n/12 30 Dicem-bre, 2024 1:00 AM (GMT+1) \TS1/cmr/m/n/12 ^^Y \OT1/cmr/m/n/12 1 Gen-naio, 2025 1:00 AM (GMT+1) 
 []

[52 <./Immagini/SD/Iterazione 1/SDRegistraOrganizzazione.png>])
<Immagini/SD/Iterazione 1/SDSubmitRequestData.png, id=1068, 1317.92375pt x 600.2425pt>
File: Immagini/SD/Iterazione 1/SDSubmitRequestData.png Graphic file (type png)
<use Immagini/SD/Iterazione 1/SDSubmitRequestData.png>
Package pdftex.def Info: Immagini/SD/Iterazione 1/SDSubmitRequestData.png  used on input line 250.
(pdftex.def)             Requested size: 443.56343pt x 202.01898pt.
 (./Immagini/SD/Iterazione 1/GetVolunteeRequestAsList.tex
Overfull \hbox (4.31877pt too wide) in paragraph at lines 11--12
[]\OT1/cmr/bx/n/12 Due \OT1/cmr/m/n/12 30 Dicem-bre, 2024 1:00 AM (GMT+1) \TS1/cmr/m/n/12 ^^Y \OT1/cmr/m/n/12 1 Gen-naio, 2025 1:00 AM (GMT+1) 
 []

)
<Immagini/SD/Iterazione 1/SDGetVolunteeRequestAsList.png, id=1069, 1309.89375pt x 670.505pt>
File: Immagini/SD/Iterazione 1/SDGetVolunteeRequestAsList.png Graphic file (type png)
<use Immagini/SD/Iterazione 1/SDGetVolunteeRequestAsList.png>
Package pdftex.def Info: Immagini/SD/Iterazione 1/SDGetVolunteeRequestAsList.png  used on input line 259.
(pdftex.def)             Requested size: 443.57912pt x 227.05812pt.
 [53 <./Immagini/SD/Iterazione 1/SDSubmitRequestData.png>] (./Immagini/DA/Iterazione 1/SubmitRequest.tex [54 <./Immagini/SD/Iterazione 1/SDGetVolunteeRequestAsList.png>])
<Immagini/DA/Iterazione 1/SDSubmitRequest.png, id=1082, 516.93124pt x 821.0675pt>
File: Immagini/DA/Iterazione 1/SDSubmitRequest.png Graphic file (type png)
<use Immagini/DA/Iterazione 1/SDSubmitRequest.png>
Package pdftex.def Info: Immagini/DA/Iterazione 1/SDSubmitRequest.png  used on input line 270.
(pdftex.def)             Requested size: 350.34909pt x 556.47684pt.
 [55]
Overfull \vbox (24.50026pt too high) has occurred while \output is active []

 [56 <./Immagini/DA/Iterazione 1/SDSubmitRequest.png>] (./Immagini/DS/Iterazione 1/RegistrazioneVolontario.tex)
<Immagini/DS/Iterazione 1/DSRegistrazioneVolontario.png, id=1094, 643.40375pt x 874.26625pt>
File: Immagini/DS/Iterazione 1/DSRegistrazioneVolontario.png Graphic file (type png)
<use Immagini/DS/Iterazione 1/DSRegistrazioneVolontario.png>
Package pdftex.def Info: Immagini/DS/Iterazione 1/DSRegistrazioneVolontario.png  used on input line 281.
(pdftex.def)             Requested size: 409.52878pt x 556.47359pt.
 [57]
Overfull \vbox (24.49701pt too high) has occurred while \output is active []

 [58 <./Immagini/DS/Iterazione 1/DSRegistrazioneVolontario.png>] (./Immagini/DS/Iterazione 1/OfferteVolontario.tex)
<Immagini/DS/Iterazione 1/DSOfferteVolontario.png, id=1105, 559.08875pt x 905.3825pt>
File: Immagini/DS/Iterazione 1/DSOfferteVolontario.png Graphic file (type png)
<use Immagini/DS/Iterazione 1/DSOfferteVolontario.png>
Package pdftex.def Info: Immagini/DS/Iterazione 1/DSOfferteVolontario.png  used on input line 290.
(pdftex.def)             Requested size: 343.62852pt x 556.46848pt.
 [59]
Overfull \vbox (24.4919pt too high) has occurred while \output is active []

 [60 <./Immagini/DS/Iterazione 1/DSOfferteVolontario.png>] (./Immagini/DCSP/Iterazione 1/Domain.tex)
<Immagini/DCSP/Iterazione 1/DCSPDomain.png, id=1116, 1338.1995pt x 787.2612pt>
File: Immagini/DCSP/Iterazione 1/DCSPDomain.png Graphic file (type png)
<use Immagini/DCSP/Iterazione 1/DCSPDomain.png>
Package pdftex.def Info: Immagini/DCSP/Iterazione 1/DCSPDomain.png  used on input line 301.
(pdftex.def)             Requested size: 443.56744pt x 260.95021pt.
 [61] (./Immagini/DCSP/Iterazione 1/Frontend.tex)
<Immagini/DCSP/Iterazione 1/DCSPFrontend.png, id=1122, 977.0904pt x 706.0779pt>
File: Immagini/DCSP/Iterazione 1/DCSPFrontend.png Graphic file (type png)
<use Immagini/DCSP/Iterazione 1/DCSPFrontend.png>
Package pdftex.def Info: Immagini/DCSP/Iterazione 1/DCSPFrontend.png  used on input line 310.
(pdftex.def)             Requested size: 443.57791pt x 320.54408pt.
 [62 <./Immagini/DCSP/Iterazione 1/DCSPDomain.png>] (./Immagini/DCSP/Iterazione 1/Backend/Controller.tex [63 <./Immagini/DCSP/Iterazione 1/DCSPFrontend.png>])
<Immagini/DCSP/Iterazione 1/Backend/DCSPController.png, id=1135, 1020.9342pt x 182.1204pt>
File: Immagini/DCSP/Iterazione 1/Backend/DCSPController.png Graphic file (type png)
<use Immagini/DCSP/Iterazione 1/Backend/DCSPController.png>
Package pdftex.def Info: Immagini/DCSP/Iterazione 1/Backend/DCSPController.png  used on input line 319.
(pdftex.def)             Requested size: 443.58871pt x 79.13002pt.
 (./Immagini/DCSP/Iterazione 1/Backend/Domain.tex)
<Immagini/DCSP/Iterazione 1/Backend/DCSPDomain.png, id=1136, 722.7pt x 205.0059pt>
File: Immagini/DCSP/Iterazione 1/Backend/DCSPDomain.png Graphic file (type png)
<use Immagini/DCSP/Iterazione 1/Backend/DCSPDomain.png>
Package pdftex.def Info: Immagini/DCSP/Iterazione 1/Backend/DCSPDomain.png  used on input line 328.
(pdftex.def)             Requested size: 443.58118pt x 125.82918pt.
 [64 <./Immagini/DCSP/Iterazione 1/Backend/DCSPController.png>] (./Immagini/DCSP/Iterazione 1/Backend/DTO.tex)
<Immagini/DCSP/Iterazione 1/Backend/DCSPDTO.png, id=1143, 379.4175pt x 277.2759pt>
File: Immagini/DCSP/Iterazione 1/Backend/DCSPDTO.png Graphic file (type png)
<use Immagini/DCSP/Iterazione 1/Backend/DCSPDTO.png>
Package pdftex.def Info: Immagini/DCSP/Iterazione 1/Backend/DCSPDTO.png  used on input line 337.
(pdftex.def)             Requested size: 443.58669pt x 324.17032pt.
 [65 <./Immagini/DCSP/Iterazione 1/Backend/DCSPDomain.png>] (./Immagini/DCSP/Iterazione 1/Backend/Mappers.tex [66 <./Immagini/DCSP/Iterazione 1/Backend/DCSPDTO.png>])
<Immagini/DCSP/Iterazione 1/Backend/DCSPMappers.png, id=1156, 850.6179pt x 209.1012pt>
File: Immagini/DCSP/Iterazione 1/Backend/DCSPMappers.png Graphic file (type png)
<use Immagini/DCSP/Iterazione 1/Backend/DCSPMappers.png>
Package pdftex.def Info: Immagini/DCSP/Iterazione 1/Backend/DCSPMappers.png  used on input line 346.
(pdftex.def)             Requested size: 443.58286pt x 109.04272pt.
 (./Immagini/DCSP/Iterazione 1/Backend/Service.tex)
<Immagini/DCSP/Iterazione 1/Backend/DCSPService.png, id=1157, 1744.5978pt x 380.8629pt>
File: Immagini/DCSP/Iterazione 1/Backend/DCSPService.png Graphic file (type png)
<use Immagini/DCSP/Iterazione 1/Backend/DCSPService.png>
Package pdftex.def Info: Immagini/DCSP/Iterazione 1/Backend/DCSPService.png  used on input line 355.
(pdftex.def)             Requested size: 443.57547pt x 96.83688pt.
 [67 <./Immagini/DCSP/Iterazione 1/Backend/DCSPMappers.png>] (./Immagini/DCSP/Iterazione 1/Backend/Repository.tex)
<Immagini/DCSP/Iterazione 1/Backend/DCSPRepository.png, id=1165, 1744.5978pt x 596.7093pt>
File: Immagini/DCSP/Iterazione 1/Backend/DCSPRepository.png Graphic file (type png)
<use Immagini/DCSP/Iterazione 1/Backend/DCSPRepository.png>
Package pdftex.def Info: Immagini/DCSP/Iterazione 1/Backend/DCSPRepository.png  used on input line 364.
(pdftex.def)             Requested size: 443.57547pt x 151.71725pt.
 [68 <./Immagini/DCSP/Iterazione 1/Backend/DCSPService.png>] (./Immagini/AL/Iterazione 1/ArchitetturaLogica.tex)
<Immagini/AL/Iterazione 1/ALArchitetturaLogica.png, id=1172, 429.0429pt x 962.1546pt>
File: Immagini/AL/Iterazione 1/ALArchitetturaLogica.png Graphic file (type png)
<use Immagini/AL/Iterazione 1/ALArchitetturaLogica.png>
Package pdftex.def Info: Immagini/AL/Iterazione 1/ALArchitetturaLogica.png  used on input line 375.
(pdftex.def)             Requested size: 248.14455pt x 556.47917pt.
 [69 <./Immagini/DCSP/Iterazione 1/Backend/DCSPRepository.png>]
Overfull \vbox (24.5026pt too high) has occurred while \output is active []

 [70 <./Immagini/AL/Iterazione 1/ALArchitetturaLogica.png>] (./Pattern/Iterazione 1/Introduzione.tex) (./Pattern/Iterazione 1/Design Patterns.tex)
Overfull \hbox (24.4248pt too wide) in paragraph at lines 18--386
[][]
 []


Underfull \hbox (badness 10000) in paragraph at lines 18--386

 []


pdfTeX warning (ext4): destination with the same identifier (name{section.1}) has been already used, duplicate ignored
<to be read again> 
                   \relax 
l.392 \section{Diagramma di Gantt}
                                  
<Immagini/Gantt/Iterazione 2/Gantt12.png, id=1185, 1733.47626pt x 912.40875pt>
File: Immagini/Gantt/Iterazione 2/Gantt12.png Graphic file (type png)
<use Immagini/Gantt/Iterazione 2/Gantt12.png>
Package pdftex.def Info: Immagini/Gantt/Iterazione 2/Gantt12.png  used on input line 396.
(pdftex.def)             Requested size: 443.57848pt x 233.4756pt.
 [71]
<Immagini/Gantt/Iterazione 2/Gantt13.png, id=1190, 1733.47626pt x 912.40875pt>
File: Immagini/Gantt/Iterazione 2/Gantt13.png Graphic file (type png)
<use Immagini/Gantt/Iterazione 2/Gantt13.png>
Package pdftex.def Info: Immagini/Gantt/Iterazione 2/Gantt13.png  used on input line 402.
(pdftex.def)             Requested size: 443.57848pt x 233.4756pt.
 [72 <./Immagini/Gantt/Iterazione 2/Gantt12.png>]
<Immagini/Gantt/Iterazione 2/Gantt14.png, id=1197, 1733.47626pt x 912.40875pt>
File: Immagini/Gantt/Iterazione 2/Gantt14.png Graphic file (type png)
<use Immagini/Gantt/Iterazione 2/Gantt14.png>
Package pdftex.def Info: Immagini/Gantt/Iterazione 2/Gantt14.png  used on input line 408.
(pdftex.def)             Requested size: 443.57848pt x 233.4756pt.
<Immagini/Gantt/Iterazione 2/Gantt15.png, id=1198, 1733.47626pt x 912.40875pt>
File: Immagini/Gantt/Iterazione 2/Gantt15.png Graphic file (type png)
<use Immagini/Gantt/Iterazione 2/Gantt15.png>
Package pdftex.def Info: Immagini/Gantt/Iterazione 2/Gantt15.png  used on input line 414.
(pdftex.def)             Requested size: 443.57848pt x 233.4756pt.
 [73 <./Immagini/Gantt/Iterazione 2/Gantt13.png> <./Immagini/Gantt/Iterazione 2/Gantt14.png>]
<Immagini/Gantt/Iterazione 2/Gantt16.png, id=1209, 1733.47626pt x 912.40875pt>
File: Immagini/Gantt/Iterazione 2/Gantt16.png Graphic file (type png)
<use Immagini/Gantt/Iterazione 2/Gantt16.png>
Package pdftex.def Info: Immagini/Gantt/Iterazione 2/Gantt16.png  used on input line 420.
(pdftex.def)             Requested size: 443.57848pt x 233.4756pt.
<Immagini/Gantt/Iterazione 2/Gantt17.png, id=1210, 1733.47626pt x 912.40875pt>
File: Immagini/Gantt/Iterazione 2/Gantt17.png Graphic file (type png)
<use Immagini/Gantt/Iterazione 2/Gantt17.png>
Package pdftex.def Info: Immagini/Gantt/Iterazione 2/Gantt17.png  used on input line 426.
(pdftex.def)             Requested size: 443.57848pt x 233.4756pt.
 [74 <./Immagini/Gantt/Iterazione 2/Gantt15.png> <./Immagini/Gantt/Iterazione 2/Gantt16.png>]
<Immagini/Gantt/Iterazione 2/Gantt18.png, id=1219, 1733.47626pt x 912.40875pt>
File: Immagini/Gantt/Iterazione 2/Gantt18.png Graphic file (type png)
<use Immagini/Gantt/Iterazione 2/Gantt18.png>
Package pdftex.def Info: Immagini/Gantt/Iterazione 2/Gantt18.png  used on input line 432.
(pdftex.def)             Requested size: 443.57848pt x 233.4756pt.
<Immagini/Gantt/Iterazione 2/Gantt19.png, id=1220, 1733.47626pt x 912.40875pt>
File: Immagini/Gantt/Iterazione 2/Gantt19.png Graphic file (type png)
<use Immagini/Gantt/Iterazione 2/Gantt19.png>
Package pdftex.def Info: Immagini/Gantt/Iterazione 2/Gantt19.png  used on input line 438.
(pdftex.def)             Requested size: 443.57848pt x 233.4756pt.
 [75 <./Immagini/Gantt/Iterazione 2/Gantt17.png> <./Immagini/Gantt/Iterazione 2/Gantt18.png>]
<Immagini/Gantt/Iterazione 2/Gantt20.png, id=1229, 1733.47626pt x 912.40875pt>
File: Immagini/Gantt/Iterazione 2/Gantt20.png Graphic file (type png)
<use Immagini/Gantt/Iterazione 2/Gantt20.png>
Package pdftex.def Info: Immagini/Gantt/Iterazione 2/Gantt20.png  used on input line 444.
(pdftex.def)             Requested size: 443.57848pt x 233.4756pt.
<Immagini/Gantt/Iterazione 2/Gantt21.png, id=1230, 1733.47626pt x 912.40875pt>
File: Immagini/Gantt/Iterazione 2/Gantt21.png Graphic file (type png)
<use Immagini/Gantt/Iterazione 2/Gantt21.png>
Package pdftex.def Info: Immagini/Gantt/Iterazione 2/Gantt21.png  used on input line 450.
(pdftex.def)             Requested size: 443.57848pt x 233.4756pt.
 [76 <./Immagini/Gantt/Iterazione 2/Gantt19.png> <./Immagini/Gantt/Iterazione 2/Gantt20.png>]
pdfTeX warning (ext4): destination with the same identifier (name{section.2}) has been already used, duplicate ignored
<to be read again> 
                   \relax 
l.455 \section{Requisiti}
                         
pdfTeX warning (ext4): destination with the same identifier (name{subsection.2.1}) has been already used, duplicate ignored
<to be read again> 
                   \relax 
l.457 \subsection{Casi d'uso}
                             
pdfTeX warning (ext4): destination with the same identifier (name{subsubsection.2.1.1}) has been already used, duplicate ignored
<to be read again> 
                   \relax 
l.459 ...o d'uso UC4: GestioneOfferteVolontariato}
                                                   (./CasiD'uso/Iterazione 2/GestioneOfferteVolontariato.tex [77 <./Immagini/Gantt/Iterazione 2/Gantt21.png>]
Overfull \hbox (1.21552pt too wide) in paragraph at lines 25--26
[]\OT1/cmr/m/n/12 Il Sis-tema mostra una mappa in-ter-at-tiva con tutte le richi-este di volon-tari-ato disponi-
 []

[78] [79] [80])
pdfTeX warning (ext4): destination with the same identifier (name{subsubsection.2.1.2}) has been already used, duplicate ignored
<to be read again> 
                   \relax 
l.462 ...bsection{Caso d'uso UC5: RicercaAbbinata}
                                                   (./CasiD'uso/Iterazione 2/RicercaAbbinata.tex [81] [82] [83])
pdfTeX warning (ext4): destination with the same identifier (name{subsection.2.2}) has been already used, duplicate ignored
<to be read again> 
                   \relax 
l.465 \subsection{Diagramma dei Casi d'Uso}
                                            (./Immagini/DiagrammaDeiCasiD'Uso/Iterazione 2/Diagramma.tex)

pdfTeX warning: pdflatex (file ./Immagini/DiagrammaDeiCasiD'Uso/Iterazione 2/Diagramma.pdf): PDF inclusion: found PDF version <1.7>, but at most version <1.5> allowed
<Immagini/DiagrammaDeiCasiD'Uso/Iterazione 2/Diagramma.pdf, id=1321, 665.28549pt x 733.94202pt>
File: Immagini/DiagrammaDeiCasiD'Uso/Iterazione 2/Diagramma.pdf Graphic file (type pdf)
<use Immagini/DiagrammaDeiCasiD'Uso/Iterazione 2/Diagramma.pdf>
Package pdftex.def Info: Immagini/DiagrammaDeiCasiD'Uso/Iterazione 2/Diagramma.pdf  used on input line 468.
(pdftex.def)             Requested size: 443.57848pt x 489.35321pt.
[84]
pdfTeX warning (ext4): destination with the same identifier (name{subsection.2.3}) has been already used, duplicate ignored
<to be read again> 
                   \relax 
l.473 ...section{Diagramma di Sequenza di Sistema}
                                                  
pdfTeX warning (ext4): destination with the same identifier (name{subsubsection.2.3.1}) has been already used, duplicate ignored
<to be read again> 
                   \relax 
l.474 ...istema SSD4: GestioneOfferteVolontariato}
                                                   (./Immagini/SSD/Iterazione 2/GestioneOfferteVolontariato.tex [85 <./Immagini/DiagrammaDeiCasiD'Uso/Iterazione 2/Diagramma.pdf>])
<Immagini/SSD/Iterazione 2/SSDGestioneOfferteVolontariato.png, id=1359, 568.1225pt x 556.0775pt>
File: Immagini/SSD/Iterazione 2/SSDGestioneOfferteVolontariato.png Graphic file (type png)
<use Immagini/SSD/Iterazione 2/SSDGestioneOfferteVolontariato.png>
Package pdftex.def Info: Immagini/SSD/Iterazione 2/SSDGestioneOfferteVolontariato.png  used on input line 478.
(pdftex.def)             Requested size: 443.57848pt x 434.18842pt.
 [86]
pdfTeX warning (ext4): destination with the same identifier (name{subsubsection.2.3.2}) has been already used, duplicate ignored
<to be read again> 
                   \relax 
l.483 ...equenza di Sistema SSD5: RicercaAbbinata}
                                                   (./Immagini/SSD/Iterazione 2/RicercaAbbinata.tex
Overfull \hbox (2.46904pt too wide) in paragraph at lines 8--9
[]\OT1/cmr/bx/n/12 Blocked by: \OT1/cmr/m/n/12 SS-DReg-is-traVolon-tario SS-DReg-is-traOr-ga-niz-zazione SS-DGes-tioneR-
 []


Overfull \hbox (21.39311pt too wide) in paragraph at lines 8--9
\OT1/cmr/m/n/12 ichi-esteVolon-tari-ato SS-DGes-tio-ne-Of-fer-teVolon-tari-ato SS-D-Con-trol-lo-Cor-ret-tez-za-Campi 
 []

[87 <./Immagini/SSD/Iterazione 2/SSDGestioneOfferteVolontariato.png>])
<Immagini/SSD/Iterazione 2/SSDRicercaAbbinata.png, id=1370, 437.635pt x 411.5375pt>
File: Immagini/SSD/Iterazione 2/SSDRicercaAbbinata.png Graphic file (type png)
<use Immagini/SSD/Iterazione 2/SSDRicercaAbbinata.png>
Package pdftex.def Info: Immagini/SSD/Iterazione 2/SSDRicercaAbbinata.png  used on input line 487.
(pdftex.def)             Requested size: 443.57848pt x 417.13158pt.
 [88]
pdfTeX warning (ext4): destination with the same identifier (name{subsection.2.4}) has been already used, duplicate ignored
<to be read again> 
                   \relax 
l.492 \subsection{Contratti}
                            
pdfTeX warning (ext4): destination with the same identifier (name{subsubsection.2.4.1}) has been already used, duplicate ignored
<to be read again> 
                   \relax 
l.493 ...: RegistratiAdUnaRichiestaDiVolontariato}
                                                   (./Contratti/Iterazione 2/RegistratiAdUnaRichiestaDiVolontariato.tex [89 <./Immagini/SSD/Iterazione 2/SSDRicercaAbbinata.png>])
Overfull \hbox (24.4248pt too wide) in paragraph at lines 41--495
[][]
 []


Underfull \hbox (badness 10000) in paragraph at lines 41--495

 []


pdfTeX warning (ext4): destination with the same identifier (name{subsubsection.2.4.2}) has been already used, duplicate ignored
<to be read again> 
                   \relax 
l.496 ... CO04: OrdinaRichiesteSuPreferenzeUtente}
                                                   (./Contratti/Iterazione 2/OrdinaRichiesteSuPreferenzeUtente.tex [90])
Overfull \hbox (24.4248pt too wide) in paragraph at lines 36--498
[][]
 []


Underfull \hbox (badness 10000) in paragraph at lines 36--498

 []


pdfTeX warning (ext4): destination with the same identifier (name{subsection.2.5}) has been already used, duplicate ignored
<to be read again> 
                   \relax 
l.499 \subsection{Specifica Supplementare}
                                           (./ArtefattiSupplementari/Iterazione 2/SpecificaSupplementare.tex [91]
pdfTeX warning (ext4): destination with the same identifier (name{subsubsection.2.5.1}) has been already used, duplicate ignored
<to be read again> 
                   \relax 
l.7 \subsubsection{Nota Introduttiva}
                                     
pdfTeX warning (ext4): destination with the same identifier (name{subsubsection.2.5.2}) has been already used, duplicate ignored
<to be read again> 
                   \relax 
l.15 \subsubsection{Requisiti Funzionali}
                                          [92])
pdfTeX warning (ext4): destination with the same identifier (name{subsection.2.6}) has been already used, duplicate ignored
<to be read again> 
                   \relax 
l.503 \subsection{Glossario}
                             (./ArtefattiSupplementari/Iterazione 2/Glossario.tex
pdfTeX warning (ext4): destination with the same identifier (name{subsubsection.2.6.1}) has been already used, duplicate ignored
<to be read again> 
                   \relax 
l.7 \subsubsection{Nota Introduttiva}
                                     
pdfTeX warning (ext4): destination with the same identifier (name{subsubsection.2.6.2}) has been already used, duplicate ignored
<to be read again> 
                   \relax 
l.15 \subsubsection{Glossario Tecnico}
                                       [93]
Overfull \hbox (0.48221pt too wide) in paragraph at lines 37--38
[]|   []   |   []   |   []   |   []   |   []   |   []   |   []   |   []   |   []   |   [] 
 []

)
pdfTeX warning (ext4): destination with the same identifier (name{section.3}) has been already used, duplicate ignored
<to be read again> 
                   \relax 
l.507 \section{Modellazione di Business}
                                        
pdfTeX warning (ext4): destination with the same identifier (name{subsection.3.1}) has been already used, duplicate ignored
<to be read again> 
                   \relax 
l.509 ...section{Modello delle Classi Concettuali}
                                                   (./Immagini/ModellazioneDiBusiness/Iterazione 2/Diagramma.tex [94])
<Immagini/ModellazioneDiBusiness/Iterazione 2/Diagramma.png, id=1412, 1576.89125pt x 809.0225pt>
File: Immagini/ModellazioneDiBusiness/Iterazione 2/Diagramma.png Graphic file (type png)
<use Immagini/ModellazioneDiBusiness/Iterazione 2/Diagramma.png>
Package pdftex.def Info: Immagini/ModellazioneDiBusiness/Iterazione 2/Diagramma.png  used on input line 512.
(pdftex.def)             Requested size: 518.98016pt x 266.26225pt.

Overfull \hbox (75.40169pt too wide) in paragraph at lines 512--513
[][] 
 []


pdfTeX warning (ext4): destination with the same identifier (name{section.4}) has been already used, duplicate ignored
<to be read again> 
                   \relax 
l.517 \section{Progettazione}
                             
pdfTeX warning (ext4): destination with the same identifier (name{subsection.4.1}) has been already used, duplicate ignored
<to be read again> 
                   \relax 
l.519 ...grammi delle Classi Software di Progetto}
                                                  
pdfTeX warning (ext4): destination with the same identifier (name{subsubsection.4.1.1}) has been already used, duplicate ignored
<to be read again> 
                   \relax 
l.521 ...assi Software di Progetto DCSP9: Dominio}
                                                   (./Immagini/DCSP/Iterazione 2/Domain.tex [95 <./Immagini/ModellazioneDiBusiness/Iterazione 2/Diagramma.png>])
<Immagini/DCSP/Iterazione 2/DCSPDomain.png, id=1419, 1338.1995pt x 787.2612pt>
File: Immagini/DCSP/Iterazione 2/DCSPDomain.png Graphic file (type png)
<use Immagini/DCSP/Iterazione 2/DCSPDomain.png>
Package pdftex.def Info: Immagini/DCSP/Iterazione 2/DCSPDomain.png  used on input line 525.
(pdftex.def)             Requested size: 443.56744pt x 260.95021pt.

pdfTeX warning (ext4): destination with the same identifier (name{subsubsection.4.1.2}) has been already used, duplicate ignored
<to be read again> 
                   \relax 
l.531 ...si Software di Progetto DCSP10: Frontend}
                                                   (./Immagini/DCSP/Iterazione 2/Frontend.tex [96 <./Immagini/DCSP/Iterazione 2/DCSPDomain.png>])
<Immagini/DCSP/Iterazione 2/DCSPFrontend.png, id=1426, 1238.7078pt x 525.4029pt>
File: Immagini/DCSP/Iterazione 2/DCSPFrontend.png Graphic file (type png)
<use Immagini/DCSP/Iterazione 2/DCSPFrontend.png>
Package pdftex.def Info: Immagini/DCSP/Iterazione 2/DCSPFrontend.png  used on input line 535.
(pdftex.def)             Requested size: 443.57182pt x 188.14278pt.

pdfTeX warning (ext4): destination with the same identifier (name{subsubsection.4.1.3}) has been already used, duplicate ignored
<to be read again> 
                   \relax 
l.540 ...e di Progetto DCSP11: Backend/Controller}
                                                   (./Immagini/DCSP/Iterazione 2/Backend/Controller.tex [97 <./Immagini/DCSP/Iterazione 2/DCSPFrontend.png>])
<Immagini/DCSP/Iterazione 2/Backend/DCSPController.png, id=1434, 1735.6845pt x 457.9509pt>
File: Immagini/DCSP/Iterazione 2/Backend/DCSPController.png Graphic file (type png)
<use Immagini/DCSP/Iterazione 2/Backend/DCSPController.png>
Package pdftex.def Info: Immagini/DCSP/Iterazione 2/Backend/DCSPController.png  used on input line 544.
(pdftex.def)             Requested size: 443.56038pt x 117.03098pt.
 (./Immagini/DCSP/Iterazione 2/Backend/Domain.tex [98 <./Immagini/DCSP/Iterazione 2/Backend/DCSPController.png>])
<Immagini/DCSP/Iterazione 2/Backend/DCSPDomain.png, id=1441, 1106.2128pt x 876.3942pt>
File: Immagini/DCSP/Iterazione 2/Backend/DCSPDomain.png Graphic file (type png)
<use Immagini/DCSP/Iterazione 2/Backend/DCSPDomain.png>
Package pdftex.def Info: Immagini/DCSP/Iterazione 2/Backend/DCSPDomain.png  used on input line 553.
(pdftex.def)             Requested size: 443.57445pt x 351.42068pt.
 (./Immagini/DCSP/Iterazione 2/Backend/DTO.tex [99 <./Immagini/DCSP/Iterazione 2/Backend/DCSPDomain.png>])
<Immagini/DCSP/Iterazione 2/Backend/DCSPDTO.png, id=1448, 742.6947pt x 369.5406pt>
File: Immagini/DCSP/Iterazione 2/Backend/DCSPDTO.png Graphic file (type png)
<use Immagini/DCSP/Iterazione 2/Backend/DCSPDTO.png>
Package pdftex.def Info: Immagini/DCSP/Iterazione 2/Backend/DCSPDTO.png  used on input line 562.
(pdftex.def)             Requested size: 443.58038pt x 220.71109pt.
 (./Immagini/DCSP/Iterazione 2/Backend/Mappers.tex [100 <./Immagini/DCSP/Iterazione 2/Backend/DCSPDTO.png>])
<Immagini/DCSP/Iterazione 2/Backend/DCSPMappers.png, id=1455, 1302.0645pt x 307.1475pt>
File: Immagini/DCSP/Iterazione 2/Backend/DCSPMappers.png Graphic file (type png)
<use Immagini/DCSP/Iterazione 2/Backend/DCSPMappers.png>
Package pdftex.def Info: Immagini/DCSP/Iterazione 2/Backend/DCSPMappers.png  used on input line 571.
(pdftex.def)             Requested size: 443.57027pt x 104.63498pt.
 (./Immagini/DCSP/Iterazione 2/Backend/Service.tex [101 <./Immagini/DCSP/Iterazione 2/Backend/DCSPMappers.png>])
<Immagini/DCSP/Iterazione 2/Backend/DCSPService.png, id=1462, 2303.7267pt x 711.8595pt>
File: Immagini/DCSP/Iterazione 2/Backend/DCSPService.png Graphic file (type png)
<use Immagini/DCSP/Iterazione 2/Backend/DCSPService.png>
Package pdftex.def Info: Immagini/DCSP/Iterazione 2/Backend/DCSPService.png  used on input line 580.
(pdftex.def)             Requested size: 443.54785pt x 137.05782pt.

Overfull \hbox (5.70215pt too wide) in paragraph at lines 585--585
[]\OT1/cmr/bx/n/12 Diagramma delle Classi Soft-ware di Pro-getto DCSP16: Back-end/Repos-
 []

(./Immagini/DCSP/Iterazione 2/Backend/Repository.tex)
<Immagini/DCSP/Iterazione 2/Backend/DCSPRepository.png, id=1463, 2024.7645pt x 385.1991pt>
File: Immagini/DCSP/Iterazione 2/Backend/DCSPRepository.png Graphic file (type png)
<use Immagini/DCSP/Iterazione 2/Backend/DCSPRepository.png>
Package pdftex.def Info: Immagini/DCSP/Iterazione 2/Backend/DCSPRepository.png  used on input line 589.
(pdftex.def)             Requested size: 443.56496pt x 84.38551pt.
 [102 <./Immagini/DCSP/Iterazione 2/Backend/DCSPService.png>]
pdfTeX warning (ext4): destination with the same identifier (name{subsection.4.2}) has been already used, duplicate ignored
<to be read again> 
                   \relax 
l.594 ...ction{Diagramma dell'Architettura Logica}
                                                  
pdfTeX warning (ext4): destination with the same identifier (name{subsubsection.4.2.1}) has been already used, duplicate ignored
<to be read again> 
                   \relax 
l.596 ...ction{Diagramma dell'Architettura Logica}
                                                   (./Immagini/AL/Iterazione 2/ArchitetturaLogica.tex)
<Immagini/AL/Iterazione 2/ALArchitetturaLogica.png, id=1470, 416.0343pt x 852.786pt>
File: Immagini/AL/Iterazione 2/ALArchitetturaLogica.png Graphic file (type png)
<use Immagini/AL/Iterazione 2/ALArchitetturaLogica.png>
Package pdftex.def Info: Immagini/AL/Iterazione 2/ALArchitetturaLogica.png  used on input line 600.
(pdftex.def)             Requested size: 271.48558pt x 556.49043pt.
 [103 <./Immagini/DCSP/Iterazione 2/Backend/DCSPRepository.png>]
Overfull \vbox (24.51385pt too high) has occurred while \output is active []

 [104 <./Immagini/AL/Iterazione 2/ALArchitetturaLogica.png>]
pdfTeX warning (ext4): destination with the same identifier (name{subsection.4.3}) has been already used, duplicate ignored
<to be read again> 
                   \relax 
l.605 \subsection{Pattern}
                           (./Pattern/Iterazione 2/Introduzione.tex)
pdfTeX warning (ext4): destination with the same identifier (name{subsubsection.4.3.1}) has been already used, duplicate ignored
<to be read again> 
                   \relax 
l.608 \subsubsection{Design Patterns}
                                      (./Pattern/Iterazione 2/Design Patterns.tex)
Overfull \hbox (24.4248pt too wide) in paragraph at lines 18--610
[][]
 []


Underfull \hbox (badness 10000) in paragraph at lines 18--610

 []


pdfTeX warning (ext4): destination with the same identifier (name{subsubsection.4.3.2}) has been already used, duplicate ignored
<to be read again> 
                   \relax 
l.612 \subsubsection{Pattern Architetturali}
                                             (./Pattern/Iterazione 2/Pattern Architetturali.tex)
Overfull \hbox (24.4248pt too wide) in paragraph at lines 17--614
[][]
 []


Underfull \hbox (badness 10000) in paragraph at lines 17--614

 []

[105] (./Pattern/Iterazione 2/Buone Pratiche.tex)
Overfull \hbox (24.4248pt too wide) in paragraph at lines 19--618
[][]
 []


Underfull \hbox (badness 10000) in paragraph at lines 19--618

 []

[106] (./Pattern/Iterazione 2/Design Principles.tex)
Overfull \hbox (24.4248pt too wide) in paragraph at lines 8--621
[][]
 []


Underfull \hbox (badness 10000) in paragraph at lines 8--621

 []


pdfTeX warning (ext4): destination with the same identifier (name{subsection.4.1}) has been already used, duplicate ignored
<to be read again> 
                   \relax 
l.627 \subsection{Specifica Supplementare}
                                           (./ArtefattiSupplementari/SpecificaSupplementare.tex [107]
pdfTeX warning (ext4): destination with the same identifier (name{subsubsection.4.1.1}) has been already used, duplicate ignored
<to be read again> 
                   \relax 
l.7 \subsubsection{Nota Introduttiva}
                                     
pdfTeX warning (ext4): destination with the same identifier (name{subsubsection.4.1.2}) has been already used, duplicate ignored
<to be read again> 
                   \relax 
l.15 \subsubsection{Requisiti Funzionali}
                                          [108] [109]
pdfTeX warning (ext4): destination with the same identifier (name{subsubsection.4.1.3}) has been already used, duplicate ignored
<to be read again> 
                   \relax 
l.125 \subsubsection{Requisiti Non Funzionali}
                                               [110]
pdfTeX warning (ext4): destination with the same identifier (name{subsubsection.4.1.4}) has been already used, duplicate ignored
<to be read again> 
                   \relax 
l.186 \subsubsection{Requisiti Hardware}
                                         [111]
pdfTeX warning (ext4): destination with the same identifier (name{subsubsection.4.1.5}) has been already used, duplicate ignored
<to be read again> 
                   \relax 
l.211 \subsubsection{Requisiti Software}
                                         [112]
pdfTeX warning (ext4): destination with the same identifier (name{subsubsection.4.1.6}) has been already used, duplicate ignored
<to be read again> 
                   \relax 
l.254 \subsubsection{Specifiche di Interfaccia}
                                                [113]
pdfTeX warning (ext4): destination with the same identifier (name{subsubsection.4.1.7}) has been already used, duplicate ignored
<to be read again> 
                   \relax 
l.304 \subsubsection{Vincoli di Progetto}
                                         
pdfTeX warning (ext4): destination with the same identifier (name{subsubsection.4.1.8}) has been already used, duplicate ignored
<to be read again> 
                   \relax 
l.320 \subsubsection{Gestione del Rischio}
                                           [114])
pdfTeX warning (ext4): destination with the same identifier (name{subsection.4.2}) has been already used, duplicate ignored
<to be read again> 
                   \relax 
l.630 \subsection{Glossario}
                             (./ArtefattiSupplementari/Glossario.tex
pdfTeX warning (ext4): destination with the same identifier (name{subsubsection.4.2.1}) has been already used, duplicate ignored
<to be read again> 
                   \relax 
l.7 \subsubsection{Nota Introduttiva}
                                      [115] [116] [117]
Overfull \hbox (1.47662pt too wide) in paragraph at lines 119--120
[]\OT1/cmr/m/n/12 Capacit^^Ra e abilit^^Ra speci-fiche richi-este dalle Or-ga-niz-zazioni e se-lezion-abili dai Volon-
 []

[118])
pdfTeX warning (ext4): destination with the same identifier (name{subsection.4.3}) has been already used, duplicate ignored
<to be read again> 
                   \relax 
l.633 \subsection{Visione}
                           (./ArtefattiSupplementari/Visione.tex
pdfTeX warning (ext4): destination with the same identifier (name{subsubsection.4.3.1}) has been already used, duplicate ignored
<to be read again> 
                   \relax 
l.7 \subsubsection{Nota Introduttiva}
                                      [119] [120] [121] [122])
pdfTeX warning (ext4): destination with the same identifier (name{subsection.4.1}) has been already used, duplicate ignored
<to be read again> 
                   \relax 
l.641 \subsection{Analisi Generale}
                                   
<Immagini/Understand/Overall.png, id=1658, 1346.02875pt x 760.8425pt>
File: Immagini/Understand/Overall.png Graphic file (type png)
<use Immagini/Understand/Overall.png>
Package pdftex.def Info: Immagini/Understand/Overall.png  used on input line 644.
(pdftex.def)             Requested size: 443.5747pt x 250.73051pt.

pdfTeX warning (ext4): destination with the same identifier (name{subsection.4.2}) has been already used, duplicate ignored
<to be read again> 
                   \relax 
l.649 \subsection{Metrics Treemaps}
                                   
<Immagini/Understand/Treemap.png, id=1659, 1390.19376pt x 879.285pt>
File: Immagini/Understand/Treemap.png Graphic file (type png)
<use Immagini/Understand/Treemap.png>
Package pdftex.def Info: Immagini/Understand/Treemap.png  used on input line 653.
(pdftex.def)             Requested size: 443.57712pt x 280.55853pt.
 [123 <./Immagini/Understand/Overall.png>]
pdfTeX warning (ext4): destination with the same identifier (name{subsection.4.3}) has been already used, duplicate ignored
<to be read again> 
                   \relax 
l.658 \subsection{Metriche Generali}
                                     (./Immagini/Understand/Metrics.tex
Overfull \hbox (6.79999pt too wide) in paragraph at lines 1--18
[] 
 []


Underfull \hbox (badness 10000) in paragraph at lines 1--18

 []

[124 <./Immagini/Understand/Treemap.png>])
pdfTeX warning (ext4): destination with the same identifier (name{subsection.4.4}) has been already used, duplicate ignored
<to be read again> 
                   \relax 
l.661 ...el file: VolunteerRequestMatchingService}
                                                   (./Immagini/Understand/VolunteerMetrics.tex
Overfull \hbox (20.73549pt too wide) in paragraph at lines 1--2
[]\OT1/cmr/m/n/12 Analisi del file: \OT1/cmr/bx/n/12 Vol-un-teer-Re-quest-Match-ingSer-vice \OT1/cmr/m/n/12 in quanto ^^Re il file con l'indicatore
 []


Overfull \hbox (24.4248pt too wide) in paragraph at lines 17--18
[][] 
 []


Underfull \hbox (badness 10000) in paragraph at lines 17--18

 []

[125])
pdfTeX warning (ext4): destination with the same identifier (name{subsection.4.5}) has been already used, duplicate ignored
<to be read again> 
                   \relax 
l.664 \subsection{Conclusione}
                               (./Immagini/Understand/Conclusione.tex) [126] (./DoIT.aux)
 ***********
LaTeX2e <2023-11-01> patch level 1
L3 programming layer <2024-02-20>
 ***********


LaTeX Warning: There were multiply-defined labels.

Package rerunfilecheck Info: File `DoIT.out' has not changed.
(rerunfilecheck)             Checksum: C3034AED0E32894D87C5CC9E064B5BBC;26699.
 ) 
Here is how much of TeX's memory you used:
 16760 strings out of 474116
 302843 string characters out of 5750250
 1942187 words of memory out of 5000000
 38027 multiletter control sequences out of 15000+600000
 565169 words of font info for 60 fonts, out of 8000000 for 9000
 1141 hyphenation exceptions out of 8191
 94i,7n,93p,739b,608s stack positions out of 10000i,1000n,20000p,200000b,200000s
</usr/share/texmf-dist/fonts/type1/public/amsfonts/cm/cmbx12.pfb></usr/share/texmf-dist/fonts/type1/public/amsfonts/cm/cmbxti10.pfb></usr/share/texmf-dist/fonts/type1/public/amsfonts/cm/cmr12.pfb></usr/share/texmf-dist/fonts/type1/public/amsfonts/cm/cmr17.pfb></usr/share/texmf-dist/fonts/type1/public/amsfonts/cm/cmti12.pfb></usr/share/texmf-dist/fonts/type1/public/amsfonts/cm/cmtt12.pfb></usr/share/texmf-dist/fonts/type1/public/cm-super/sfrm1200.pfb>
Output written on DoIT.pdf (126 pages, 9521449 bytes).
PDF statistics:
 1850 PDF objects out of 2073 (max. 8388607)
 1575 compressed objects within 16 object streams
 633 named destinations out of 1000 (max. 500000)
 1239 words of extra memory for PDF output out of 10000 (max. 10000000)

