\BOOKMARK [1][-]{section*.3}{\376\377\000I\000n\000t\000r\000o\000d\000u\000z\000i\000o\000n\000e}{}% 1
\BOOKMARK [1][-]{section*.4}{\376\377\000C\000o\000m\000p\000i\000l\000a\000z\000i\000o\000n\000e}{}% 2
\BOOKMARK [1][-]{section*.5}{\376\377\000I\000t\000e\000r\000a\000z\000i\000o\000n\000e\000\040\0001}{}% 3
\BOOKMARK [1][-]{section.1}{\376\377\000D\000i\000a\000g\000r\000a\000m\000m\000a\000\040\000d\000i\000\040\000G\000a\000n\000t\000t}{}% 4
\BOOKMARK [1][-]{section.2}{\376\377\000R\000e\000q\000u\000i\000s\000i\000t\000i}{}% 5
\BOOKMARK [2][-]{subsection.2.1}{\376\377\000C\000a\000s\000i\000\040\000d\000'\000u\000s\000o}{section.2}% 6
\BOOKMARK [3][-]{subsubsection.2.1.1}{\376\377\000C\000a\000s\000o\000\040\000d\000'\000u\000s\000o\000\040\000U\000C\0001\000:\000\040\000R\000e\000g\000i\000s\000t\000r\000a\000V\000o\000l\000o\000n\000t\000a\000r\000i\000o}{subsection.2.1}% 7
\BOOKMARK [3][-]{subsubsection.2.1.2}{\376\377\000C\000a\000s\000o\000\040\000d\000'\000u\000s\000o\000\040\000U\000C\0002\000:\000\040\000R\000e\000g\000i\000s\000t\000r\000a\000O\000r\000g\000a\000n\000i\000z\000z\000a\000z\000i\000o\000n\000e}{subsection.2.1}% 8
\BOOKMARK [3][-]{subsubsection.2.1.3}{\376\377\000C\000a\000s\000o\000\040\000d\000'\000u\000s\000o\000\040\000U\000C\0003\000:\000\040\000G\000e\000s\000t\000i\000o\000n\000e\000R\000i\000c\000h\000i\000e\000s\000t\000e\000V\000o\000l\000o\000n\000t\000a\000r\000i\000a\000t\000o}{subsection.2.1}% 9
\BOOKMARK [2][-]{subsection.2.2}{\376\377\000D\000i\000a\000g\000r\000a\000m\000m\000a\000\040\000d\000e\000i\000\040\000C\000a\000s\000i\000\040\000d\000'\000U\000s\000o}{section.2}% 10
\BOOKMARK [2][-]{subsection.2.3}{\376\377\000D\000i\000a\000g\000r\000a\000m\000m\000a\000\040\000d\000i\000\040\000S\000e\000q\000u\000e\000n\000z\000a\000\040\000d\000i\000\040\000S\000i\000s\000t\000e\000m\000a}{section.2}% 11
\BOOKMARK [3][-]{subsubsection.2.3.1}{\376\377\000D\000i\000a\000g\000r\000a\000m\000m\000a\000\040\000d\000i\000\040\000S\000e\000q\000u\000e\000n\000z\000a\000\040\000d\000i\000\040\000S\000i\000s\000t\000e\000m\000a\000\040\000S\000S\000D\0001\000:\000\040\000R\000e\000g\000i\000s\000t\000r\000a\000V\000o\000l\000o\000n\000t\000a\000r\000i\000o}{subsection.2.3}% 12
\BOOKMARK [3][-]{subsubsection.2.3.2}{\376\377\000D\000i\000a\000g\000r\000a\000m\000m\000a\000\040\000d\000i\000\040\000S\000e\000q\000u\000e\000n\000z\000a\000\040\000d\000i\000\040\000S\000i\000s\000t\000e\000m\000a\000\040\000S\000S\000D\0002\000:\000\040\000R\000e\000g\000i\000s\000t\000r\000a\000O\000r\000g\000a\000n\000i\000z\000z\000a\000z\000i\000o\000n\000e}{subsection.2.3}% 13
\BOOKMARK [3][-]{subsubsection.2.3.3}{\376\377\000D\000i\000a\000g\000r\000a\000m\000m\000a\000\040\000d\000i\000\040\000S\000e\000q\000u\000e\000n\000z\000a\000\040\000d\000i\000\040\000S\000i\000s\000t\000e\000m\000a\000\040\000S\000S\000D\0003\000:\000\040\000G\000e\000s\000t\000i\000o\000n\000e\000R\000i\000c\000h\000i\000e\000s\000t\000e\000V\000o\000l\000o\000n\000t\000a\000r\000i\000a\000t\000o}{subsection.2.3}% 14
\BOOKMARK [3][-]{subsubsection.2.3.4}{\376\377\000D\000i\000a\000g\000r\000a\000m\000m\000a\000\040\000d\000i\000\040\000S\000e\000q\000u\000e\000n\000z\000a\000\040\000d\000i\000\040\000S\000i\000s\000t\000e\000m\000a\000\040\000S\000S\000D\0003\000.\0002\000:\000\040\000C\000o\000n\000t\000r\000o\000l\000l\000o\000C\000o\000r\000r\000e\000t\000t\000e\000z\000z\000a\000C\000a\000m\000p\000i}{subsection.2.3}% 15
\BOOKMARK [2][-]{subsection.2.4}{\376\377\000C\000o\000n\000t\000r\000a\000t\000t\000i}{section.2}% 16
\BOOKMARK [3][-]{subsubsection.2.4.1}{\376\377\000C\000o\000n\000t\000r\000a\000t\000t\000o\000\040\000C\000O\0000\0001\000:\000\040\000R\000e\000g\000i\000s\000t\000r\000a\000O\000r\000g\000a\000n\000i\000z\000z\000a\000z\000i\000o\000n\000e}{subsection.2.4}% 17
\BOOKMARK [3][-]{subsubsection.2.4.2}{\376\377\000C\000o\000n\000t\000r\000a\000t\000t\000o\000\040\000C\000O\0000\0002\000:\000\040\000G\000e\000s\000t\000i\000o\000n\000e\000R\000i\000c\000h\000i\000e\000s\000t\000e\000V\000o\000l\000o\000n\000t\000a\000r\000i\000a\000t\000o}{subsection.2.4}% 18
\BOOKMARK [3][-]{subsubsection.2.4.3}{\376\377\000C\000o\000n\000t\000r\000a\000t\000t\000o\000\040\000C\000O\0000\0002\000.\0002\000:\000\040\000C\000o\000n\000t\000r\000o\000l\000l\000o\000C\000o\000r\000r\000e\000t\000t\000e\000z\000z\000a\000C\000a\000m\000p\000i}{subsection.2.4}% 19
\BOOKMARK [2][-]{subsection.2.5}{\376\377\000S\000p\000e\000c\000i\000f\000i\000c\000a\000\040\000S\000u\000p\000p\000l\000e\000m\000e\000n\000t\000a\000r\000e}{section.2}% 20
\BOOKMARK [3][-]{subsubsection.2.5.1}{\376\377\000N\000o\000t\000a\000\040\000I\000n\000t\000r\000o\000d\000u\000t\000t\000i\000v\000a}{subsection.2.5}% 21
\BOOKMARK [3][-]{subsubsection.2.5.2}{\376\377\000R\000e\000q\000u\000i\000s\000i\000t\000i\000\040\000F\000u\000n\000z\000i\000o\000n\000a\000l\000i}{subsection.2.5}% 22
\BOOKMARK [3][-]{subsubsection.2.5.3}{\376\377\000R\000e\000q\000u\000i\000s\000i\000t\000i\000\040\000N\000o\000n\000\040\000F\000u\000n\000z\000i\000o\000n\000a\000l\000i}{subsection.2.5}% 23
\BOOKMARK [3][-]{subsubsection.2.5.4}{\376\377\000R\000e\000q\000u\000i\000s\000i\000t\000i\000\040\000H\000a\000r\000d\000w\000a\000r\000e}{subsection.2.5}% 24
\BOOKMARK [3][-]{subsubsection.2.5.5}{\376\377\000R\000e\000q\000u\000i\000s\000i\000t\000i\000\040\000S\000o\000f\000t\000w\000a\000r\000e}{subsection.2.5}% 25
\BOOKMARK [3][-]{subsubsection.2.5.6}{\376\377\000S\000p\000e\000c\000i\000f\000i\000c\000h\000e\000\040\000d\000i\000\040\000I\000n\000t\000e\000r\000f\000a\000c\000c\000i\000a}{subsection.2.5}% 26
\BOOKMARK [3][-]{subsubsection.2.5.7}{\376\377\000V\000i\000n\000c\000o\000l\000i\000\040\000d\000i\000\040\000P\000r\000o\000g\000e\000t\000t\000o}{subsection.2.5}% 27
\BOOKMARK [3][-]{subsubsection.2.5.8}{\376\377\000G\000e\000s\000t\000i\000o\000n\000e\000\040\000d\000e\000l\000\040\000R\000i\000s\000c\000h\000i\000o}{subsection.2.5}% 28
\BOOKMARK [2][-]{subsection.2.6}{\376\377\000G\000l\000o\000s\000s\000a\000r\000i\000o}{section.2}% 29
\BOOKMARK [3][-]{subsubsection.2.6.1}{\376\377\000N\000o\000t\000a\000\040\000I\000n\000t\000r\000o\000d\000u\000t\000t\000i\000v\000a}{subsection.2.6}% 30
\BOOKMARK [3][-]{subsubsection.2.6.2}{\376\377\000G\000l\000o\000s\000s\000a\000r\000i\000o\000\040\000T\000e\000c\000n\000i\000c\000o}{subsection.2.6}% 31
\BOOKMARK [2][-]{subsection.2.7}{\376\377\000V\000i\000s\000i\000o\000n\000e}{section.2}% 32
\BOOKMARK [3][-]{subsubsection.2.7.1}{\376\377\000N\000o\000t\000a\000\040\000I\000n\000t\000r\000o\000d\000u\000t\000t\000i\000v\000a}{subsection.2.7}% 33
\BOOKMARK [1][-]{section.3}{\376\377\000M\000o\000d\000e\000l\000l\000a\000z\000i\000o\000n\000e\000\040\000d\000i\000\040\000B\000u\000s\000i\000n\000e\000s\000s}{}% 34
\BOOKMARK [2][-]{subsection.3.1}{\376\377\000M\000o\000d\000e\000l\000l\000o\000\040\000d\000e\000l\000l\000e\000\040\000C\000l\000a\000s\000s\000i\000\040\000C\000o\000n\000c\000e\000t\000t\000u\000a\000l\000i}{section.3}% 35
\BOOKMARK [1][-]{section.4}{\376\377\000P\000r\000o\000g\000e\000t\000t\000a\000z\000i\000o\000n\000e}{}% 36
\BOOKMARK [2][-]{subsection.4.1}{\376\377\000D\000i\000a\000g\000r\000a\000m\000m\000i\000\040\000d\000'\000I\000n\000t\000e\000r\000a\000z\000i\000o\000n\000e}{section.4}% 37
\BOOKMARK [3][-]{subsubsection.4.1.1}{\376\377\000D\000i\000a\000g\000r\000a\000m\000m\000a\000\040\000d\000i\000\040\000S\000e\000q\000u\000e\000n\000z\000a\000\040\000S\000D\0001\000:\000\040\000R\000e\000g\000i\000s\000t\000e\000r\000O\000r\000g\000a\000n\000i\000z\000a\000t\000i\000o\000n}{subsection.4.1}% 38
\BOOKMARK [3][-]{subsubsection.4.1.2}{\376\377\000D\000i\000a\000g\000r\000a\000m\000m\000a\000\040\000d\000i\000\040\000S\000e\000q\000u\000e\000n\000z\000a\000\040\000S\000D\0002\000:\000\040\000S\000u\000b\000m\000i\000t\000R\000e\000q\000u\000e\000s\000t\000D\000a\000t\000a}{subsection.4.1}% 39
\BOOKMARK [3][-]{subsubsection.4.1.3}{\376\377\000D\000i\000a\000g\000r\000a\000m\000m\000a\000\040\000d\000i\000\040\000S\000e\000q\000u\000e\000n\000z\000a\000\040\000S\000D\0003\000:\000\040\000G\000e\000t\000V\000o\000l\000u\000n\000t\000e\000e\000R\000e\000q\000u\000e\000s\000t\000A\000s\000L\000i\000s\000t}{subsection.4.1}% 40
\BOOKMARK [2][-]{subsection.4.2}{\376\377\000D\000i\000a\000g\000r\000a\000m\000m\000i\000\040\000d\000e\000l\000l\000e\000\040\000A\000t\000t\000i\000v\000i\000t\000\340}{section.4}% 41
\BOOKMARK [3][-]{subsubsection.4.2.1}{\376\377\000D\000i\000a\000g\000r\000a\000m\000m\000a\000\040\000d\000e\000l\000l\000e\000\040\000A\000t\000t\000i\000v\000i\000t\000\340\000\040\000D\000A\0001\000:\000\040\000S\000u\000b\000m\000i\000t\000R\000e\000q\000u\000e\000s\000t}{subsection.4.2}% 42
\BOOKMARK [2][-]{subsection.4.3}{\376\377\000D\000i\000a\000g\000r\000a\000m\000m\000i\000\040\000d\000e\000l\000l\000e\000\040\000M\000a\000c\000c\000h\000i\000n\000e\000\040\000a\000\040\000S\000t\000a\000t\000i}{section.4}% 43
\BOOKMARK [3][-]{subsubsection.4.3.1}{\376\377\000D\000i\000a\000g\000r\000a\000m\000m\000a\000\040\000d\000e\000l\000l\000e\000\040\000M\000a\000c\000c\000h\000i\000n\000e\000\040\000a\000\040\000S\000t\000a\000t\000i\000\040\000D\000S\0001\000:\000\040\000R\000e\000g\000i\000s\000t\000e\000r\000V\000o\000l\000u\000n\000t\000e\000e\000r}{subsection.4.3}% 44
\BOOKMARK [3][-]{subsubsection.4.3.2}{\376\377\000D\000i\000a\000g\000r\000a\000m\000m\000a\000\040\000d\000e\000l\000l\000e\000\040\000M\000a\000c\000c\000h\000i\000n\000e\000\040\000a\000\040\000S\000t\000a\000t\000i\000\040\000D\000S\0002\000:\000\040\000V\000o\000l\000u\000n\000t\000e\000e\000r\000O\000f\000f\000e\000r\000s}{subsection.4.3}% 45
\BOOKMARK [2][-]{subsection.4.4}{\376\377\000D\000i\000a\000g\000r\000a\000m\000m\000i\000\040\000d\000e\000l\000l\000e\000\040\000C\000l\000a\000s\000s\000i\000\040\000S\000o\000f\000t\000w\000a\000r\000e\000\040\000d\000i\000\040\000P\000r\000o\000g\000e\000t\000t\000o}{section.4}% 46
\BOOKMARK [3][-]{subsubsection.4.4.1}{\376\377\000D\000i\000a\000g\000r\000a\000m\000m\000a\000\040\000d\000e\000l\000l\000e\000\040\000C\000l\000a\000s\000s\000i\000\040\000S\000o\000f\000t\000w\000a\000r\000e\000\040\000d\000i\000\040\000P\000r\000o\000g\000e\000t\000t\000o\000\040\000D\000C\000S\000P\0001\000:\000\040\000D\000o\000m\000i\000n\000i\000o}{subsection.4.4}% 47
\BOOKMARK [3][-]{subsubsection.4.4.2}{\376\377\000D\000i\000a\000g\000r\000a\000m\000m\000a\000\040\000d\000e\000l\000l\000e\000\040\000C\000l\000a\000s\000s\000i\000\040\000S\000o\000f\000t\000w\000a\000r\000e\000\040\000d\000i\000\040\000P\000r\000o\000g\000e\000t\000t\000o\000\040\000D\000C\000S\000P\0002\000:\000\040\000F\000r\000o\000n\000t\000e\000n\000d}{subsection.4.4}% 48
\BOOKMARK [3][-]{subsubsection.4.4.3}{\376\377\000D\000i\000a\000g\000r\000a\000m\000m\000a\000\040\000d\000e\000l\000l\000e\000\040\000C\000l\000a\000s\000s\000i\000\040\000S\000o\000f\000t\000w\000a\000r\000e\000\040\000d\000i\000\040\000P\000r\000o\000g\000e\000t\000t\000o\000\040\000D\000C\000S\000P\0003\000:\000\040\000B\000a\000c\000k\000e\000n\000d\000/\000C\000o\000n\000t\000r\000o\000l\000l\000e\000r}{subsection.4.4}% 49
\BOOKMARK [3][-]{subsubsection.4.4.4}{\376\377\000D\000i\000a\000g\000r\000a\000m\000m\000a\000\040\000d\000e\000l\000l\000e\000\040\000C\000l\000a\000s\000s\000i\000\040\000S\000o\000f\000t\000w\000a\000r\000e\000\040\000d\000i\000\040\000P\000r\000o\000g\000e\000t\000t\000o\000\040\000D\000C\000S\000P\0004\000:\000\040\000B\000a\000c\000k\000e\000n\000d\000/\000D\000o\000m\000a\000i\000n}{subsection.4.4}% 50
\BOOKMARK [3][-]{subsubsection.4.4.5}{\376\377\000D\000i\000a\000g\000r\000a\000m\000m\000a\000\040\000d\000e\000l\000l\000e\000\040\000C\000l\000a\000s\000s\000i\000\040\000S\000o\000f\000t\000w\000a\000r\000e\000\040\000d\000i\000\040\000P\000r\000o\000g\000e\000t\000t\000o\000\040\000D\000C\000S\000P\0005\000:\000\040\000B\000a\000c\000k\000e\000n\000d\000/\000D\000T\000O}{subsection.4.4}% 51
\BOOKMARK [3][-]{subsubsection.4.4.6}{\376\377\000D\000i\000a\000g\000r\000a\000m\000m\000a\000\040\000d\000e\000l\000l\000e\000\040\000C\000l\000a\000s\000s\000i\000\040\000S\000o\000f\000t\000w\000a\000r\000e\000\040\000d\000i\000\040\000P\000r\000o\000g\000e\000t\000t\000o\000\040\000D\000C\000S\000P\0006\000:\000\040\000B\000a\000c\000k\000e\000n\000d\000/\000M\000a\000p\000p\000e\000r\000s}{subsection.4.4}% 52
\BOOKMARK [3][-]{subsubsection.4.4.7}{\376\377\000D\000i\000a\000g\000r\000a\000m\000m\000a\000\040\000d\000e\000l\000l\000e\000\040\000C\000l\000a\000s\000s\000i\000\040\000S\000o\000f\000t\000w\000a\000r\000e\000\040\000d\000i\000\040\000P\000r\000o\000g\000e\000t\000t\000o\000\040\000D\000C\000S\000P\0007\000:\000\040\000B\000a\000c\000k\000e\000n\000d\000/\000S\000e\000r\000v\000i\000c\000e}{subsection.4.4}% 53
\BOOKMARK [3][-]{subsubsection.4.4.8}{\376\377\000D\000i\000a\000g\000r\000a\000m\000m\000a\000\040\000d\000e\000l\000l\000e\000\040\000C\000l\000a\000s\000s\000i\000\040\000S\000o\000f\000t\000w\000a\000r\000e\000\040\000d\000i\000\040\000P\000r\000o\000g\000e\000t\000t\000o\000\040\000D\000C\000S\000P\0008\000:\000\040\000B\000a\000c\000k\000e\000n\000d\000/\000R\000e\000p\000o\000s\000i\000t\000o\000r\000y}{subsection.4.4}% 54
\BOOKMARK [2][-]{subsection.4.5}{\376\377\000D\000i\000a\000g\000r\000a\000m\000m\000a\000\040\000d\000e\000l\000l\000'\000A\000r\000c\000h\000i\000t\000e\000t\000t\000u\000r\000a\000\040\000L\000o\000g\000i\000c\000a}{section.4}% 55
\BOOKMARK [3][-]{subsubsection.4.5.1}{\376\377\000D\000i\000a\000g\000r\000a\000m\000m\000a\000\040\000d\000e\000l\000l\000'\000A\000r\000c\000h\000i\000t\000e\000t\000t\000u\000r\000a\000\040\000L\000o\000g\000i\000c\000a}{subsection.4.5}% 56
\BOOKMARK [2][-]{subsection.4.6}{\376\377\000P\000a\000t\000t\000e\000r\000n}{section.4}% 57
\BOOKMARK [3][-]{subsubsection.4.6.1}{\376\377\000D\000e\000s\000i\000g\000n\000\040\000P\000a\000t\000t\000e\000r\000n\000s}{subsection.4.6}% 58
\BOOKMARK [1][-]{section*.131}{\376\377\000I\000t\000e\000r\000a\000z\000i\000o\000n\000e\000\040\0002}{}% 59
\BOOKMARK [1][-]{section.1}{\376\377\000D\000i\000a\000g\000r\000a\000m\000m\000a\000\040\000d\000i\000\040\000G\000a\000n\000t\000t}{}% 60
\BOOKMARK [1][-]{section.2}{\376\377\000R\000e\000q\000u\000i\000s\000i\000t\000i}{}% 61
\BOOKMARK [2][-]{subsection.2.1}{\376\377\000C\000a\000s\000i\000\040\000d\000'\000u\000s\000o}{section.2}% 62
\BOOKMARK [3][-]{subsubsection.2.1.1}{\376\377\000C\000a\000s\000o\000\040\000d\000'\000u\000s\000o\000\040\000U\000C\0004\000:\000\040\000G\000e\000s\000t\000i\000o\000n\000e\000O\000f\000f\000e\000r\000t\000e\000V\000o\000l\000o\000n\000t\000a\000r\000i\000a\000t\000o}{subsection.2.1}% 63
\BOOKMARK [3][-]{subsubsection.2.1.2}{\376\377\000C\000a\000s\000o\000\040\000d\000'\000u\000s\000o\000\040\000U\000C\0005\000:\000\040\000R\000i\000c\000e\000r\000c\000a\000A\000b\000b\000i\000n\000a\000t\000a}{subsection.2.1}% 64
\BOOKMARK [2][-]{subsection.2.2}{\376\377\000D\000i\000a\000g\000r\000a\000m\000m\000a\000\040\000d\000e\000i\000\040\000C\000a\000s\000i\000\040\000d\000'\000U\000s\000o}{section.2}% 65
\BOOKMARK [2][-]{subsection.2.3}{\376\377\000D\000i\000a\000g\000r\000a\000m\000m\000a\000\040\000d\000i\000\040\000S\000e\000q\000u\000e\000n\000z\000a\000\040\000d\000i\000\040\000S\000i\000s\000t\000e\000m\000a}{section.2}% 66
\BOOKMARK [3][-]{subsubsection.2.3.1}{\376\377\000D\000i\000a\000g\000r\000a\000m\000m\000a\000\040\000d\000i\000\040\000S\000e\000q\000u\000e\000n\000z\000a\000\040\000d\000i\000\040\000S\000i\000s\000t\000e\000m\000a\000\040\000S\000S\000D\0004\000:\000\040\000G\000e\000s\000t\000i\000o\000n\000e\000O\000f\000f\000e\000r\000t\000e\000V\000o\000l\000o\000n\000t\000a\000r\000i\000a\000t\000o}{subsection.2.3}% 67
\BOOKMARK [3][-]{subsubsection.2.3.2}{\376\377\000D\000i\000a\000g\000r\000a\000m\000m\000a\000\040\000d\000i\000\040\000S\000e\000q\000u\000e\000n\000z\000a\000\040\000d\000i\000\040\000S\000i\000s\000t\000e\000m\000a\000\040\000S\000S\000D\0005\000:\000\040\000R\000i\000c\000e\000r\000c\000a\000A\000b\000b\000i\000n\000a\000t\000a}{subsection.2.3}% 68
\BOOKMARK [2][-]{subsection.2.4}{\376\377\000C\000o\000n\000t\000r\000a\000t\000t\000i}{section.2}% 69
\BOOKMARK [3][-]{subsubsection.2.4.1}{\376\377\000C\000o\000n\000t\000r\000a\000t\000t\000o\000\040\000C\000O\0000\0003\000:\000\040\000R\000e\000g\000i\000s\000t\000r\000a\000t\000i\000A\000d\000U\000n\000a\000R\000i\000c\000h\000i\000e\000s\000t\000a\000D\000i\000V\000o\000l\000o\000n\000t\000a\000r\000i\000a\000t\000o}{subsection.2.4}% 70
\BOOKMARK [3][-]{subsubsection.2.4.2}{\376\377\000C\000o\000n\000t\000r\000a\000t\000t\000o\000\040\000C\000O\0000\0004\000:\000\040\000O\000r\000d\000i\000n\000a\000R\000i\000c\000h\000i\000e\000s\000t\000e\000S\000u\000P\000r\000e\000f\000e\000r\000e\000n\000z\000e\000U\000t\000e\000n\000t\000e}{subsection.2.4}% 71
\BOOKMARK [2][-]{subsection.2.5}{\376\377\000S\000p\000e\000c\000i\000f\000i\000c\000a\000\040\000S\000u\000p\000p\000l\000e\000m\000e\000n\000t\000a\000r\000e}{section.2}% 72
\BOOKMARK [3][-]{subsubsection.2.5.1}{\376\377\000N\000o\000t\000a\000\040\000I\000n\000t\000r\000o\000d\000u\000t\000t\000i\000v\000a}{subsection.2.5}% 73
\BOOKMARK [3][-]{subsubsection.2.5.2}{\376\377\000R\000e\000q\000u\000i\000s\000i\000t\000i\000\040\000F\000u\000n\000z\000i\000o\000n\000a\000l\000i}{subsection.2.5}% 74
\BOOKMARK [2][-]{subsection.2.6}{\376\377\000G\000l\000o\000s\000s\000a\000r\000i\000o}{section.2}% 75
\BOOKMARK [3][-]{subsubsection.2.6.1}{\376\377\000N\000o\000t\000a\000\040\000I\000n\000t\000r\000o\000d\000u\000t\000t\000i\000v\000a}{subsection.2.6}% 76
\BOOKMARK [3][-]{subsubsection.2.6.2}{\376\377\000G\000l\000o\000s\000s\000a\000r\000i\000o\000\040\000T\000e\000c\000n\000i\000c\000o}{subsection.2.6}% 77
\BOOKMARK [1][-]{section.3}{\376\377\000M\000o\000d\000e\000l\000l\000a\000z\000i\000o\000n\000e\000\040\000d\000i\000\040\000B\000u\000s\000i\000n\000e\000s\000s}{}% 78
\BOOKMARK [2][-]{subsection.3.1}{\376\377\000M\000o\000d\000e\000l\000l\000o\000\040\000d\000e\000l\000l\000e\000\040\000C\000l\000a\000s\000s\000i\000\040\000C\000o\000n\000c\000e\000t\000t\000u\000a\000l\000i}{section.3}% 79
\BOOKMARK [1][-]{section.4}{\376\377\000P\000r\000o\000g\000e\000t\000t\000a\000z\000i\000o\000n\000e}{}% 80
\BOOKMARK [2][-]{subsection.4.1}{\376\377\000D\000i\000a\000g\000r\000a\000m\000m\000i\000\040\000d\000e\000l\000l\000e\000\040\000C\000l\000a\000s\000s\000i\000\040\000S\000o\000f\000t\000w\000a\000r\000e\000\040\000d\000i\000\040\000P\000r\000o\000g\000e\000t\000t\000o}{section.4}% 81
\BOOKMARK [3][-]{subsubsection.4.1.1}{\376\377\000D\000i\000a\000g\000r\000a\000m\000m\000a\000\040\000d\000e\000l\000l\000e\000\040\000C\000l\000a\000s\000s\000i\000\040\000S\000o\000f\000t\000w\000a\000r\000e\000\040\000d\000i\000\040\000P\000r\000o\000g\000e\000t\000t\000o\000\040\000D\000C\000S\000P\0009\000:\000\040\000D\000o\000m\000i\000n\000i\000o}{subsection.4.1}% 82
\BOOKMARK [3][-]{subsubsection.4.1.2}{\376\377\000D\000i\000a\000g\000r\000a\000m\000m\000a\000\040\000d\000e\000l\000l\000e\000\040\000C\000l\000a\000s\000s\000i\000\040\000S\000o\000f\000t\000w\000a\000r\000e\000\040\000d\000i\000\040\000P\000r\000o\000g\000e\000t\000t\000o\000\040\000D\000C\000S\000P\0001\0000\000:\000\040\000F\000r\000o\000n\000t\000e\000n\000d}{subsection.4.1}% 83
\BOOKMARK [3][-]{subsubsection.4.1.3}{\376\377\000D\000i\000a\000g\000r\000a\000m\000m\000a\000\040\000d\000e\000l\000l\000e\000\040\000C\000l\000a\000s\000s\000i\000\040\000S\000o\000f\000t\000w\000a\000r\000e\000\040\000d\000i\000\040\000P\000r\000o\000g\000e\000t\000t\000o\000\040\000D\000C\000S\000P\0001\0001\000:\000\040\000B\000a\000c\000k\000e\000n\000d\000/\000C\000o\000n\000t\000r\000o\000l\000l\000e\000r}{subsection.4.1}% 84
\BOOKMARK [3][-]{subsubsection.4.1.4}{\376\377\000D\000i\000a\000g\000r\000a\000m\000m\000a\000\040\000d\000e\000l\000l\000e\000\040\000C\000l\000a\000s\000s\000i\000\040\000S\000o\000f\000t\000w\000a\000r\000e\000\040\000d\000i\000\040\000P\000r\000o\000g\000e\000t\000t\000o\000\040\000D\000C\000S\000P\0001\0002\000:\000\040\000B\000a\000c\000k\000e\000n\000d\000/\000D\000o\000m\000a\000i\000n}{subsection.4.1}% 85
\BOOKMARK [3][-]{subsubsection.4.1.5}{\376\377\000D\000i\000a\000g\000r\000a\000m\000m\000a\000\040\000d\000e\000l\000l\000e\000\040\000C\000l\000a\000s\000s\000i\000\040\000S\000o\000f\000t\000w\000a\000r\000e\000\040\000d\000i\000\040\000P\000r\000o\000g\000e\000t\000t\000o\000\040\000D\000C\000S\000P\0001\0003\000:\000\040\000B\000a\000c\000k\000e\000n\000d\000/\000D\000T\000O}{subsection.4.1}% 86
\BOOKMARK [3][-]{subsubsection.4.1.6}{\376\377\000D\000i\000a\000g\000r\000a\000m\000m\000a\000\040\000d\000e\000l\000l\000e\000\040\000C\000l\000a\000s\000s\000i\000\040\000S\000o\000f\000t\000w\000a\000r\000e\000\040\000d\000i\000\040\000P\000r\000o\000g\000e\000t\000t\000o\000\040\000D\000C\000S\000P\0001\0004\000:\000\040\000B\000a\000c\000k\000e\000n\000d\000/\000M\000a\000p\000p\000e\000r\000s}{subsection.4.1}% 87
\BOOKMARK [3][-]{subsubsection.4.1.7}{\376\377\000D\000i\000a\000g\000r\000a\000m\000m\000a\000\040\000d\000e\000l\000l\000e\000\040\000C\000l\000a\000s\000s\000i\000\040\000S\000o\000f\000t\000w\000a\000r\000e\000\040\000d\000i\000\040\000P\000r\000o\000g\000e\000t\000t\000o\000\040\000D\000C\000S\000P\0001\0005\000:\000\040\000B\000a\000c\000k\000e\000n\000d\000/\000S\000e\000r\000v\000i\000c\000e}{subsection.4.1}% 88
\BOOKMARK [3][-]{subsubsection.4.1.8}{\376\377\000D\000i\000a\000g\000r\000a\000m\000m\000a\000\040\000d\000e\000l\000l\000e\000\040\000C\000l\000a\000s\000s\000i\000\040\000S\000o\000f\000t\000w\000a\000r\000e\000\040\000d\000i\000\040\000P\000r\000o\000g\000e\000t\000t\000o\000\040\000D\000C\000S\000P\0001\0006\000:\000\040\000B\000a\000c\000k\000e\000n\000d\000/\000R\000e\000p\000o\000s\000i\000t\000o\000r\000y}{subsection.4.1}% 89
\BOOKMARK [2][-]{subsection.4.2}{\376\377\000D\000i\000a\000g\000r\000a\000m\000m\000a\000\040\000d\000e\000l\000l\000'\000A\000r\000c\000h\000i\000t\000e\000t\000t\000u\000r\000a\000\040\000L\000o\000g\000i\000c\000a}{section.4}% 90
\BOOKMARK [3][-]{subsubsection.4.2.1}{\376\377\000D\000i\000a\000g\000r\000a\000m\000m\000a\000\040\000d\000e\000l\000l\000'\000A\000r\000c\000h\000i\000t\000e\000t\000t\000u\000r\000a\000\040\000L\000o\000g\000i\000c\000a}{subsection.4.2}% 91
\BOOKMARK [2][-]{subsection.4.3}{\376\377\000P\000a\000t\000t\000e\000r\000n}{section.4}% 92
\BOOKMARK [3][-]{subsubsection.4.3.1}{\376\377\000D\000e\000s\000i\000g\000n\000\040\000P\000a\000t\000t\000e\000r\000n\000s}{subsection.4.3}% 93
\BOOKMARK [3][-]{subsubsection.4.3.2}{\376\377\000P\000a\000t\000t\000e\000r\000n\000\040\000A\000r\000c\000h\000i\000t\000e\000t\000t\000u\000r\000a\000l\000i}{subsection.4.3}% 94
\BOOKMARK [3][-]{subsubsection.4.3.3}{\376\377\000B\000u\000o\000n\000e\000\040\000P\000r\000a\000t\000i\000c\000h\000e}{subsection.4.3}% 95
\BOOKMARK [3][-]{subsubsection.4.3.4}{\376\377\000D\000e\000s\000i\000g\000n\000\040\000P\000r\000i\000n\000c\000i\000p\000l\000e\000s}{subsection.4.3}% 96
\BOOKMARK [1][-]{section*.195}{\376\377\000A\000r\000t\000e\000f\000a\000t\000t\000i\000\040\000S\000u\000p\000p\000l\000e\000m\000e\000n\000t\000a\000r\000i\000\040\000n\000e\000l\000l\000a\000\040\000l\000o\000r\000o\000\040\000v\000e\000r\000s\000i\000o\000n\000e\000\040\000f\000i\000n\000a\000l\000e}{}% 97
\BOOKMARK [2][-]{subsection.4.1}{\376\377\000S\000p\000e\000c\000i\000f\000i\000c\000a\000\040\000S\000u\000p\000p\000l\000e\000m\000e\000n\000t\000a\000r\000e}{section*.195}% 98
\BOOKMARK [3][-]{subsubsection.4.1.1}{\376\377\000N\000o\000t\000a\000\040\000I\000n\000t\000r\000o\000d\000u\000t\000t\000i\000v\000a}{subsection.4.1}% 99
\BOOKMARK [3][-]{subsubsection.4.1.2}{\376\377\000R\000e\000q\000u\000i\000s\000i\000t\000i\000\040\000F\000u\000n\000z\000i\000o\000n\000a\000l\000i}{subsection.4.1}% 100
\BOOKMARK [3][-]{subsubsection.4.1.3}{\376\377\000R\000e\000q\000u\000i\000s\000i\000t\000i\000\040\000N\000o\000n\000\040\000F\000u\000n\000z\000i\000o\000n\000a\000l\000i}{subsection.4.1}% 101
\BOOKMARK [3][-]{subsubsection.4.1.4}{\376\377\000R\000e\000q\000u\000i\000s\000i\000t\000i\000\040\000H\000a\000r\000d\000w\000a\000r\000e}{subsection.4.1}% 102
\BOOKMARK [3][-]{subsubsection.4.1.5}{\376\377\000R\000e\000q\000u\000i\000s\000i\000t\000i\000\040\000S\000o\000f\000t\000w\000a\000r\000e}{subsection.4.1}% 103
\BOOKMARK [3][-]{subsubsection.4.1.6}{\376\377\000S\000p\000e\000c\000i\000f\000i\000c\000h\000e\000\040\000d\000i\000\040\000I\000n\000t\000e\000r\000f\000a\000c\000c\000i\000a}{subsection.4.1}% 104
\BOOKMARK [3][-]{subsubsection.4.1.7}{\376\377\000V\000i\000n\000c\000o\000l\000i\000\040\000d\000i\000\040\000P\000r\000o\000g\000e\000t\000t\000o}{subsection.4.1}% 105
\BOOKMARK [3][-]{subsubsection.4.1.8}{\376\377\000G\000e\000s\000t\000i\000o\000n\000e\000\040\000d\000e\000l\000\040\000R\000i\000s\000c\000h\000i\000o}{subsection.4.1}% 106
\BOOKMARK [2][-]{subsection.4.2}{\376\377\000G\000l\000o\000s\000s\000a\000r\000i\000o}{section*.195}% 107
\BOOKMARK [3][-]{subsubsection.4.2.1}{\376\377\000N\000o\000t\000a\000\040\000I\000n\000t\000r\000o\000d\000u\000t\000t\000i\000v\000a}{subsection.4.2}% 108
\BOOKMARK [3][-]{subsubsection.4.2.2}{\376\377\000G\000l\000o\000s\000s\000a\000r\000i\000o\000\040\000T\000e\000c\000n\000i\000c\000o}{subsection.4.2}% 109
\BOOKMARK [2][-]{subsection.4.3}{\376\377\000V\000i\000s\000i\000o\000n\000e}{section*.195}% 110
\BOOKMARK [3][-]{subsubsection.4.3.1}{\376\377\000N\000o\000t\000a\000\040\000I\000n\000t\000r\000o\000d\000u\000t\000t\000i\000v\000a}{subsection.4.3}% 111
\BOOKMARK [1][-]{section*.231}{\376\377\000U\000n\000d\000e\000r\000s\000t\000a\000n\000d}{}% 112
\BOOKMARK [2][-]{subsection.4.1}{\376\377\000A\000n\000a\000l\000i\000s\000i\000\040\000G\000e\000n\000e\000r\000a\000l\000e}{section*.231}% 113
\BOOKMARK [2][-]{subsection.4.2}{\376\377\000M\000e\000t\000r\000i\000c\000s\000\040\000T\000r\000e\000e\000m\000a\000p\000s}{section*.231}% 114
\BOOKMARK [2][-]{subsection.4.3}{\376\377\000M\000e\000t\000r\000i\000c\000h\000e\000\040\000G\000e\000n\000e\000r\000a\000l\000i}{section*.231}% 115
\BOOKMARK [2][-]{subsection.4.4}{\376\377\000M\000e\000t\000r\000i\000c\000h\000e\000\040\000d\000e\000l\000\040\000f\000i\000l\000e\000:\000\040\000V\000o\000l\000u\000n\000t\000e\000e\000r\000R\000e\000q\000u\000e\000s\000t\000M\000a\000t\000c\000h\000i\000n\000g\000S\000e\000r\000v\000i\000c\000e}{section*.231}% 116
\BOOKMARK [2][-]{subsection.4.5}{\376\377\000C\000o\000n\000c\000l\000u\000s\000i\000o\000n\000e}{section*.231}% 117
